#
# There is insufficient memory for the Java Runtime Environment to continue.
# Native memory allocation (malloc) failed to allocate 32744 bytes. Error detail: ChunkPool::allocate
# Possible reasons:
#   The system is out of physical RAM or swap space
#   This process is running with CompressedOops enabled, and the Java Heap may be blocking the growth of the native heap
# Possible solutions:
#   Reduce memory load on the system
#   Increase physical memory or swap space
#   Check if swap backing store is full
#   Decrease Java heap size (-Xmx/-Xms)
#   Decrease number of Java threads
#   Decrease Java thread stack sizes (-Xss)
#   Set larger code cache with -XX:ReservedCodeCacheSize=
#   JVM is running with Unscaled Compressed Oops mode in which the Java heap is
#     placed in the first 4GB address space. The Java Heap base address is the
#     maximum limit for the native heap growth. Please use -XX:HeapBaseMinAddress
#     to set the Java Heap base and to place the Java Heap above 4GB virtual address.
# This output file may be truncated or incomplete.
#
#  Out of Memory Error (arena.cpp:79), pid=14972, tid=10956
#
# JRE version: OpenJDK Runtime Environment Temurin-17.0.16+8 (17.0.16+8) (build 17.0.16+8)
# Java VM: OpenJDK 64-Bit Server VM Temurin-17.0.16+8 (17.0.16+8, mixed mode, sharing, tiered, compressed oops, compressed class ptrs, g1 gc, windows-amd64)
# No core dump will be written. Minidumps are not enabled by default on client versions of Windows
#

---------------  S U M M A R Y ------------

Command Line: -Dnet.bytebuddy.agent.attacher.dump= net.bytebuddy.agent.Attacher com.sun.tools.attach.VirtualMachine 15572 C:\Users\user\.m2\repository\net\bytebuddy\byte-buddy-agent\1.17.8\byte-buddy-agent-1.17.8.jar false 

Host: Intel(R) Core(TM) i5-6300U CPU @ 2.40GHz, 4 cores, 7G,  Windows 10 , 64 bit Build 19041 (10.0.19041.5915)
Time: Tue Nov 18 19:57:45 2025 India Standard Time elapsed time: 0.159288 seconds (0d 0h 0m 0s)

---------------  T H R E A D  ---------------

Current thread (0x000001a203f39c50):  JavaThread "C2 CompilerThread0" daemon [_thread_in_native, id=10956, stack(0x0000007157000000,0x0000007157100000)]


Current CompileTask:
C2:    159  226   !   4       java.nio.DirectByteBuffer::get (34 bytes)

Stack: [0x0000007157000000,0x0000007157100000]
Native frames: (J=compiled Java code, j=interpreted, Vv=VM code, C=native code)
V  [jvm.dll+0x683169]
V  [jvm.dll+0x839ac8]
V  [jvm.dll+0x83b573]
V  [jvm.dll+0x83bbe3]
V  [jvm.dll+0x2473ff]
V  [jvm.dll+0xad09c]
V  [jvm.dll+0xad52c]
V  [jvm.dll+0xba55a]
V  [jvm.dll+0x25cb2a]
V  [jvm.dll+0x259866]
V  [jvm.dll+0x2ac4a5]
V  [jvm.dll+0x2abbb5]
V  [jvm.dll+0x69b788]
V  [jvm.dll+0x693543]
V  [jvm.dll+0x692de0]
V  [jvm.dll+0x690c02]
V  [jvm.dll+0x1a619c]
V  [jvm.dll+0x217308]
V  [jvm.dll+0x1a32a0]
V  [jvm.dll+0x227b3c]
V  [jvm.dll+0x225ccb]
V  [jvm.dll+0x7ef2d8]
V  [jvm.dll+0x7e979c]
V  [jvm.dll+0x682047]
C  [ucrtbase.dll+0x21bb2]
C  [KERNEL32.DLL+0x17374]
C  [ntdll.dll+0x4cc91]


---------------  P R O C E S S  ---------------

Threads class SMR info:
_java_thread_list=0x000001a203f28960, length=12, elements={
0x000001a26485f770, 0x000001a203f0d4e0, 0x000001a203f0e160, 0x000001a203f22120,
0x000001a203f23af0, 0x000001a203f244b0, 0x000001a203f24e70, 0x000001a203f39c50,
0x000001a203f65080, 0x000001a203f67a90, 0x000001a2491e2150, 0x000001a2491ed930
}

Java Threads: ( => current thread )
  0x000001a26485f770 JavaThread "main" [_thread_in_vm, id=15212, stack(0x0000007156300000,0x0000007156400000)]
  0x000001a203f0d4e0 JavaThread "Reference Handler" daemon [_thread_blocked, id=18752, stack(0x0000007156a00000,0x0000007156b00000)]
  0x000001a203f0e160 JavaThread "Finalizer" daemon [_thread_blocked, id=16700, stack(0x0000007156b00000,0x0000007156c00000)]
  0x000001a203f22120 JavaThread "Signal Dispatcher" daemon [_thread_blocked, id=6548, stack(0x0000007156c00000,0x0000007156d00000)]
  0x000001a203f23af0 JavaThread "Attach Listener" daemon [_thread_blocked, id=8656, stack(0x0000007156d00000,0x0000007156e00000)]
  0x000001a203f244b0 JavaThread "Service Thread" daemon [_thread_blocked, id=16808, stack(0x0000007156e00000,0x0000007156f00000)]
  0x000001a203f24e70 JavaThread "Monitor Deflation Thread" daemon [_thread_blocked, id=2540, stack(0x0000007156f00000,0x0000007157000000)]
=>0x000001a203f39c50 JavaThread "C2 CompilerThread0" daemon [_thread_in_native, id=10956, stack(0x0000007157000000,0x0000007157100000)]
  0x000001a203f65080 JavaThread "C1 CompilerThread0" daemon [_thread_blocked, id=6388, stack(0x0000007157100000,0x0000007157200000)]
  0x000001a203f67a90 JavaThread "Sweeper thread" daemon [_thread_blocked, id=11964, stack(0x0000007157200000,0x0000007157300000)]
  0x000001a2491e2150 JavaThread "Notification Thread" daemon [_thread_blocked, id=9416, stack(0x0000007157300000,0x0000007157400000)]
  0x000001a2491ed930 JavaThread "Common-Cleaner" daemon [_thread_blocked, id=6328, stack(0x0000007157500000,0x0000007157600000)]

Other Threads:
  0x000001a203f05670 VMThread "VM Thread" [stack: 0x0000007156900000,0x0000007156a00000] [id=19272]
  0x000001a2491ecc70 WatcherThread [stack: 0x0000007157400000,0x0000007157500000] [id=18640]
  0x000001a2648b5d20 GCTaskThread "GC Thread#0" [stack: 0x0000007156400000,0x0000007156500000] [id=5656]
  0x000001a2648c69c0 ConcurrentGCThread "G1 Main Marker" [stack: 0x0000007156500000,0x0000007156600000] [id=14632]
  0x000001a2648c7b80 ConcurrentGCThread "G1 Conc#0" [stack: 0x0000007156600000,0x0000007156700000] [id=124]
  0x000001a26491ebd0 ConcurrentGCThread "G1 Refine#0" [stack: 0x0000007156700000,0x0000007156800000] [id=18436]
  0x000001a203dc4700 ConcurrentGCThread "G1 Service" [stack: 0x0000007156800000,0x0000007156900000] [id=18328]

Threads with active compile tasks:
C2 CompilerThread0      195  226   !   4       java.nio.DirectByteBuffer::get (34 bytes)
C1 CompilerThread0      196  269       3       java.io.StreamTokenizer::nextToken (1266 bytes)

VM state: not at safepoint (normal execution)

VM Mutex/Monitor currently owned by a thread:  ([mutex/lock_event])
[0x000001a26485bc30] Metaspace_lock - owner thread: 0x000001a26485f770
[0x000001a26485a490] MethodData_lock - owner thread: 0x000001a26485f770

Heap address: 0x0000000089600000, size: 1898 MB, Compressed Oops mode: 32-bit

CDS archive(s) mapped at: [0x000001a204000000-0x000001a204bb0000-0x000001a204bb0000), size 12255232, SharedBaseAddress: 0x000001a204000000, ArchiveRelocationMode: 1.
Compressed class space mapped at: 0x000001a205000000-0x000001a245000000, reserved size: 1073741824
Narrow klass base: 0x000001a204000000, Narrow klass shift: 0, Narrow klass range: 0x100000000

GC Precious Log:
 CPUs: 4 total, 4 available
 Memory: 7591M
 Large Page Support: Disabled
 NUMA Support: Disabled
 Compressed Oops: Enabled (32-bit)
 Heap Region Size: 1M
 Heap Min Capacity: 8M
 Heap Initial Capacity: 120M
 Heap Max Capacity: 1898M
 Pre-touch: Disabled
 Parallel Workers: 4
 Concurrent Workers: 1
 Concurrent Refinement Workers: 4
 Periodic GC: Disabled

Heap:
 garbage-first heap   total 122880K, used 1024K [0x0000000089600000, 0x0000000100000000)
  region size 1024K, 2 young (2048K), 0 survivors (0K)
 Metaspace       used 804K, committed 896K, reserved 1114112K
  class space    used 78K, committed 128K, reserved 1048576K

Heap Regions: E=young(eden), S=young(survivor), O=old, HS=humongous(starts), HC=humongous(continues), CS=collection set, F=free, OA=open archive, CA=closed archive, TAMS=top-at-mark-start (previous, next)
|   0|0x0000000089600000, 0x0000000089600000, 0x0000000089700000|  0%| F|  |TAMS 0x0000000089600000, 0x0000000089600000| Untracked 
|   1|0x0000000089700000, 0x0000000089700000, 0x0000000089800000|  0%| F|  |TAMS 0x0000000089700000, 0x0000000089700000| Untracked 
|   2|0x0000000089800000, 0x0000000089800000, 0x0000000089900000|  0%| F|  |TAMS 0x0000000089800000, 0x0000000089800000| Untracked 
|   3|0x0000000089900000, 0x0000000089900000, 0x0000000089a00000|  0%| F|  |TAMS 0x0000000089900000, 0x0000000089900000| Untracked 
|   4|0x0000000089a00000, 0x0000000089a00000, 0x0000000089b00000|  0%| F|  |TAMS 0x0000000089a00000, 0x0000000089a00000| Untracked 
|   5|0x0000000089b00000, 0x0000000089b00000, 0x0000000089c00000|  0%| F|  |TAMS 0x0000000089b00000, 0x0000000089b00000| Untracked 
|   6|0x0000000089c00000, 0x0000000089c00000, 0x0000000089d00000|  0%| F|  |TAMS 0x0000000089c00000, 0x0000000089c00000| Untracked 
|   7|0x0000000089d00000, 0x0000000089d00000, 0x0000000089e00000|  0%| F|  |TAMS 0x0000000089d00000, 0x0000000089d00000| Untracked 
|   8|0x0000000089e00000, 0x0000000089e00000, 0x0000000089f00000|  0%| F|  |TAMS 0x0000000089e00000, 0x0000000089e00000| Untracked 
|   9|0x0000000089f00000, 0x0000000089f00000, 0x000000008a000000|  0%| F|  |TAMS 0x0000000089f00000, 0x0000000089f00000| Untracked 
|  10|0x000000008a000000, 0x000000008a000000, 0x000000008a100000|  0%| F|  |TAMS 0x000000008a000000, 0x000000008a000000| Untracked 
|  11|0x000000008a100000, 0x000000008a100000, 0x000000008a200000|  0%| F|  |TAMS 0x000000008a100000, 0x000000008a100000| Untracked 
|  12|0x000000008a200000, 0x000000008a200000, 0x000000008a300000|  0%| F|  |TAMS 0x000000008a200000, 0x000000008a200000| Untracked 
|  13|0x000000008a300000, 0x000000008a300000, 0x000000008a400000|  0%| F|  |TAMS 0x000000008a300000, 0x000000008a300000| Untracked 
|  14|0x000000008a400000, 0x000000008a400000, 0x000000008a500000|  0%| F|  |TAMS 0x000000008a400000, 0x000000008a400000| Untracked 
|  15|0x000000008a500000, 0x000000008a500000, 0x000000008a600000|  0%| F|  |TAMS 0x000000008a500000, 0x000000008a500000| Untracked 
|  16|0x000000008a600000, 0x000000008a600000, 0x000000008a700000|  0%| F|  |TAMS 0x000000008a600000, 0x000000008a600000| Untracked 
|  17|0x000000008a700000, 0x000000008a700000, 0x000000008a800000|  0%| F|  |TAMS 0x000000008a700000, 0x000000008a700000| Untracked 
|  18|0x000000008a800000, 0x000000008a800000, 0x000000008a900000|  0%| F|  |TAMS 0x000000008a800000, 0x000000008a800000| Untracked 
|  19|0x000000008a900000, 0x000000008a900000, 0x000000008aa00000|  0%| F|  |TAMS 0x000000008a900000, 0x000000008a900000| Untracked 
|  20|0x000000008aa00000, 0x000000008aa00000, 0x000000008ab00000|  0%| F|  |TAMS 0x000000008aa00000, 0x000000008aa00000| Untracked 
|  21|0x000000008ab00000, 0x000000008ab00000, 0x000000008ac00000|  0%| F|  |TAMS 0x000000008ab00000, 0x000000008ab00000| Untracked 
|  22|0x000000008ac00000, 0x000000008ac00000, 0x000000008ad00000|  0%| F|  |TAMS 0x000000008ac00000, 0x000000008ac00000| Untracked 
|  23|0x000000008ad00000, 0x000000008ad00000, 0x000000008ae00000|  0%| F|  |TAMS 0x000000008ad00000, 0x000000008ad00000| Untracked 
|  24|0x000000008ae00000, 0x000000008ae00000, 0x000000008af00000|  0%| F|  |TAMS 0x000000008ae00000, 0x000000008ae00000| Untracked 
|  25|0x000000008af00000, 0x000000008af00000, 0x000000008b000000|  0%| F|  |TAMS 0x000000008af00000, 0x000000008af00000| Untracked 
|  26|0x000000008b000000, 0x000000008b000000, 0x000000008b100000|  0%| F|  |TAMS 0x000000008b000000, 0x000000008b000000| Untracked 
|  27|0x000000008b100000, 0x000000008b100000, 0x000000008b200000|  0%| F|  |TAMS 0x000000008b100000, 0x000000008b100000| Untracked 
|  28|0x000000008b200000, 0x000000008b200000, 0x000000008b300000|  0%| F|  |TAMS 0x000000008b200000, 0x000000008b200000| Untracked 
|  29|0x000000008b300000, 0x000000008b300000, 0x000000008b400000|  0%| F|  |TAMS 0x000000008b300000, 0x000000008b300000| Untracked 
|  30|0x000000008b400000, 0x000000008b400000, 0x000000008b500000|  0%| F|  |TAMS 0x000000008b400000, 0x000000008b400000| Untracked 
|  31|0x000000008b500000, 0x000000008b500000, 0x000000008b600000|  0%| F|  |TAMS 0x000000008b500000, 0x000000008b500000| Untracked 
|  32|0x000000008b600000, 0x000000008b600000, 0x000000008b700000|  0%| F|  |TAMS 0x000000008b600000, 0x000000008b600000| Untracked 
|  33|0x000000008b700000, 0x000000008b700000, 0x000000008b800000|  0%| F|  |TAMS 0x000000008b700000, 0x000000008b700000| Untracked 
|  34|0x000000008b800000, 0x000000008b800000, 0x000000008b900000|  0%| F|  |TAMS 0x000000008b800000, 0x000000008b800000| Untracked 
|  35|0x000000008b900000, 0x000000008b900000, 0x000000008ba00000|  0%| F|  |TAMS 0x000000008b900000, 0x000000008b900000| Untracked 
|  36|0x000000008ba00000, 0x000000008ba00000, 0x000000008bb00000|  0%| F|  |TAMS 0x000000008ba00000, 0x000000008ba00000| Untracked 
|  37|0x000000008bb00000, 0x000000008bb00000, 0x000000008bc00000|  0%| F|  |TAMS 0x000000008bb00000, 0x000000008bb00000| Untracked 
|  38|0x000000008bc00000, 0x000000008bc00000, 0x000000008bd00000|  0%| F|  |TAMS 0x000000008bc00000, 0x000000008bc00000| Untracked 
|  39|0x000000008bd00000, 0x000000008bd00000, 0x000000008be00000|  0%| F|  |TAMS 0x000000008bd00000, 0x000000008bd00000| Untracked 
|  40|0x000000008be00000, 0x000000008be00000, 0x000000008bf00000|  0%| F|  |TAMS 0x000000008be00000, 0x000000008be00000| Untracked 
|  41|0x000000008bf00000, 0x000000008bf00000, 0x000000008c000000|  0%| F|  |TAMS 0x000000008bf00000, 0x000000008bf00000| Untracked 
|  42|0x000000008c000000, 0x000000008c000000, 0x000000008c100000|  0%| F|  |TAMS 0x000000008c000000, 0x000000008c000000| Untracked 
|  43|0x000000008c100000, 0x000000008c100000, 0x000000008c200000|  0%| F|  |TAMS 0x000000008c100000, 0x000000008c100000| Untracked 
|  44|0x000000008c200000, 0x000000008c200000, 0x000000008c300000|  0%| F|  |TAMS 0x000000008c200000, 0x000000008c200000| Untracked 
|  45|0x000000008c300000, 0x000000008c300000, 0x000000008c400000|  0%| F|  |TAMS 0x000000008c300000, 0x000000008c300000| Untracked 
|  46|0x000000008c400000, 0x000000008c400000, 0x000000008c500000|  0%| F|  |TAMS 0x000000008c400000, 0x000000008c400000| Untracked 
|  47|0x000000008c500000, 0x000000008c500000, 0x000000008c600000|  0%| F|  |TAMS 0x000000008c500000, 0x000000008c500000| Untracked 
|  48|0x000000008c600000, 0x000000008c600000, 0x000000008c700000|  0%| F|  |TAMS 0x000000008c600000, 0x000000008c600000| Untracked 
|  49|0x000000008c700000, 0x000000008c700000, 0x000000008c800000|  0%| F|  |TAMS 0x000000008c700000, 0x000000008c700000| Untracked 
|  50|0x000000008c800000, 0x000000008c800000, 0x000000008c900000|  0%| F|  |TAMS 0x000000008c800000, 0x000000008c800000| Untracked 
|  51|0x000000008c900000, 0x000000008c900000, 0x000000008ca00000|  0%| F|  |TAMS 0x000000008c900000, 0x000000008c900000| Untracked 
|  52|0x000000008ca00000, 0x000000008ca00000, 0x000000008cb00000|  0%| F|  |TAMS 0x000000008ca00000, 0x000000008ca00000| Untracked 
|  53|0x000000008cb00000, 0x000000008cb00000, 0x000000008cc00000|  0%| F|  |TAMS 0x000000008cb00000, 0x000000008cb00000| Untracked 
|  54|0x000000008cc00000, 0x000000008cc00000, 0x000000008cd00000|  0%| F|  |TAMS 0x000000008cc00000, 0x000000008cc00000| Untracked 
|  55|0x000000008cd00000, 0x000000008cd00000, 0x000000008ce00000|  0%| F|  |TAMS 0x000000008cd00000, 0x000000008cd00000| Untracked 
|  56|0x000000008ce00000, 0x000000008ce00000, 0x000000008cf00000|  0%| F|  |TAMS 0x000000008ce00000, 0x000000008ce00000| Untracked 
|  57|0x000000008cf00000, 0x000000008cf00000, 0x000000008d000000|  0%| F|  |TAMS 0x000000008cf00000, 0x000000008cf00000| Untracked 
|  58|0x000000008d000000, 0x000000008d000000, 0x000000008d100000|  0%| F|  |TAMS 0x000000008d000000, 0x000000008d000000| Untracked 
|  59|0x000000008d100000, 0x000000008d100000, 0x000000008d200000|  0%| F|  |TAMS 0x000000008d100000, 0x000000008d100000| Untracked 
|  60|0x000000008d200000, 0x000000008d200000, 0x000000008d300000|  0%| F|  |TAMS 0x000000008d200000, 0x000000008d200000| Untracked 
|  61|0x000000008d300000, 0x000000008d300000, 0x000000008d400000|  0%| F|  |TAMS 0x000000008d300000, 0x000000008d300000| Untracked 
|  62|0x000000008d400000, 0x000000008d400000, 0x000000008d500000|  0%| F|  |TAMS 0x000000008d400000, 0x000000008d400000| Untracked 
|  63|0x000000008d500000, 0x000000008d500000, 0x000000008d600000|  0%| F|  |TAMS 0x000000008d500000, 0x000000008d500000| Untracked 
|  64|0x000000008d600000, 0x000000008d600000, 0x000000008d700000|  0%| F|  |TAMS 0x000000008d600000, 0x000000008d600000| Untracked 
|  65|0x000000008d700000, 0x000000008d700000, 0x000000008d800000|  0%| F|  |TAMS 0x000000008d700000, 0x000000008d700000| Untracked 
|  66|0x000000008d800000, 0x000000008d800000, 0x000000008d900000|  0%| F|  |TAMS 0x000000008d800000, 0x000000008d800000| Untracked 
|  67|0x000000008d900000, 0x000000008d900000, 0x000000008da00000|  0%| F|  |TAMS 0x000000008d900000, 0x000000008d900000| Untracked 
|  68|0x000000008da00000, 0x000000008da00000, 0x000000008db00000|  0%| F|  |TAMS 0x000000008da00000, 0x000000008da00000| Untracked 
|  69|0x000000008db00000, 0x000000008db00000, 0x000000008dc00000|  0%| F|  |TAMS 0x000000008db00000, 0x000000008db00000| Untracked 
|  70|0x000000008dc00000, 0x000000008dc00000, 0x000000008dd00000|  0%| F|  |TAMS 0x000000008dc00000, 0x000000008dc00000| Untracked 
|  71|0x000000008dd00000, 0x000000008dd00000, 0x000000008de00000|  0%| F|  |TAMS 0x000000008dd00000, 0x000000008dd00000| Untracked 
|  72|0x000000008de00000, 0x000000008de00000, 0x000000008df00000|  0%| F|  |TAMS 0x000000008de00000, 0x000000008de00000| Untracked 
|  73|0x000000008df00000, 0x000000008df00000, 0x000000008e000000|  0%| F|  |TAMS 0x000000008df00000, 0x000000008df00000| Untracked 
|  74|0x000000008e000000, 0x000000008e000000, 0x000000008e100000|  0%| F|  |TAMS 0x000000008e000000, 0x000000008e000000| Untracked 
|  75|0x000000008e100000, 0x000000008e100000, 0x000000008e200000|  0%| F|  |TAMS 0x000000008e100000, 0x000000008e100000| Untracked 
|  76|0x000000008e200000, 0x000000008e200000, 0x000000008e300000|  0%| F|  |TAMS 0x000000008e200000, 0x000000008e200000| Untracked 
|  77|0x000000008e300000, 0x000000008e300000, 0x000000008e400000|  0%| F|  |TAMS 0x000000008e300000, 0x000000008e300000| Untracked 
|  78|0x000000008e400000, 0x000000008e400000, 0x000000008e500000|  0%| F|  |TAMS 0x000000008e400000, 0x000000008e400000| Untracked 
|  79|0x000000008e500000, 0x000000008e500000, 0x000000008e600000|  0%| F|  |TAMS 0x000000008e500000, 0x000000008e500000| Untracked 
|  80|0x000000008e600000, 0x000000008e600000, 0x000000008e700000|  0%| F|  |TAMS 0x000000008e600000, 0x000000008e600000| Untracked 
|  81|0x000000008e700000, 0x000000008e700000, 0x000000008e800000|  0%| F|  |TAMS 0x000000008e700000, 0x000000008e700000| Untracked 
|  82|0x000000008e800000, 0x000000008e800000, 0x000000008e900000|  0%| F|  |TAMS 0x000000008e800000, 0x000000008e800000| Untracked 
|  83|0x000000008e900000, 0x000000008e900000, 0x000000008ea00000|  0%| F|  |TAMS 0x000000008e900000, 0x000000008e900000| Untracked 
|  84|0x000000008ea00000, 0x000000008ea00000, 0x000000008eb00000|  0%| F|  |TAMS 0x000000008ea00000, 0x000000008ea00000| Untracked 
|  85|0x000000008eb00000, 0x000000008eb00000, 0x000000008ec00000|  0%| F|  |TAMS 0x000000008eb00000, 0x000000008eb00000| Untracked 
|  86|0x000000008ec00000, 0x000000008ec00000, 0x000000008ed00000|  0%| F|  |TAMS 0x000000008ec00000, 0x000000008ec00000| Untracked 
|  87|0x000000008ed00000, 0x000000008ed00000, 0x000000008ee00000|  0%| F|  |TAMS 0x000000008ed00000, 0x000000008ed00000| Untracked 
|  88|0x000000008ee00000, 0x000000008ee00000, 0x000000008ef00000|  0%| F|  |TAMS 0x000000008ee00000, 0x000000008ee00000| Untracked 
|  89|0x000000008ef00000, 0x000000008ef00000, 0x000000008f000000|  0%| F|  |TAMS 0x000000008ef00000, 0x000000008ef00000| Untracked 
|  90|0x000000008f000000, 0x000000008f000000, 0x000000008f100000|  0%| F|  |TAMS 0x000000008f000000, 0x000000008f000000| Untracked 
|  91|0x000000008f100000, 0x000000008f100000, 0x000000008f200000|  0%| F|  |TAMS 0x000000008f100000, 0x000000008f100000| Untracked 
|  92|0x000000008f200000, 0x000000008f200000, 0x000000008f300000|  0%| F|  |TAMS 0x000000008f200000, 0x000000008f200000| Untracked 
|  93|0x000000008f300000, 0x000000008f300000, 0x000000008f400000|  0%| F|  |TAMS 0x000000008f300000, 0x000000008f300000| Untracked 
|  94|0x000000008f400000, 0x000000008f400000, 0x000000008f500000|  0%| F|  |TAMS 0x000000008f400000, 0x000000008f400000| Untracked 
|  95|0x000000008f500000, 0x000000008f500000, 0x000000008f600000|  0%| F|  |TAMS 0x000000008f500000, 0x000000008f500000| Untracked 
|  96|0x000000008f600000, 0x000000008f600000, 0x000000008f700000|  0%| F|  |TAMS 0x000000008f600000, 0x000000008f600000| Untracked 
|  97|0x000000008f700000, 0x000000008f700000, 0x000000008f800000|  0%| F|  |TAMS 0x000000008f700000, 0x000000008f700000| Untracked 
|  98|0x000000008f800000, 0x000000008f800000, 0x000000008f900000|  0%| F|  |TAMS 0x000000008f800000, 0x000000008f800000| Untracked 
|  99|0x000000008f900000, 0x000000008f900000, 0x000000008fa00000|  0%| F|  |TAMS 0x000000008f900000, 0x000000008f900000| Untracked 
| 100|0x000000008fa00000, 0x000000008fa00000, 0x000000008fb00000|  0%| F|  |TAMS 0x000000008fa00000, 0x000000008fa00000| Untracked 
| 101|0x000000008fb00000, 0x000000008fb00000, 0x000000008fc00000|  0%| F|  |TAMS 0x000000008fb00000, 0x000000008fb00000| Untracked 
| 102|0x000000008fc00000, 0x000000008fc00000, 0x000000008fd00000|  0%| F|  |TAMS 0x000000008fc00000, 0x000000008fc00000| Untracked 
| 103|0x000000008fd00000, 0x000000008fd00000, 0x000000008fe00000|  0%| F|  |TAMS 0x000000008fd00000, 0x000000008fd00000| Untracked 
| 104|0x000000008fe00000, 0x000000008fe00000, 0x000000008ff00000|  0%| F|  |TAMS 0x000000008fe00000, 0x000000008fe00000| Untracked 
| 105|0x000000008ff00000, 0x000000008ff00000, 0x0000000090000000|  0%| F|  |TAMS 0x000000008ff00000, 0x000000008ff00000| Untracked 
| 106|0x0000000090000000, 0x0000000090000000, 0x0000000090100000|  0%| F|  |TAMS 0x0000000090000000, 0x0000000090000000| Untracked 
| 107|0x0000000090100000, 0x0000000090100000, 0x0000000090200000|  0%| F|  |TAMS 0x0000000090100000, 0x0000000090100000| Untracked 
| 108|0x0000000090200000, 0x0000000090200000, 0x0000000090300000|  0%| F|  |TAMS 0x0000000090200000, 0x0000000090200000| Untracked 
| 109|0x0000000090300000, 0x0000000090300000, 0x0000000090400000|  0%| F|  |TAMS 0x0000000090300000, 0x0000000090300000| Untracked 
| 110|0x0000000090400000, 0x0000000090400000, 0x0000000090500000|  0%| F|  |TAMS 0x0000000090400000, 0x0000000090400000| Untracked 
| 111|0x0000000090500000, 0x0000000090500000, 0x0000000090600000|  0%| F|  |TAMS 0x0000000090500000, 0x0000000090500000| Untracked 
| 112|0x0000000090600000, 0x0000000090600000, 0x0000000090700000|  0%| F|  |TAMS 0x0000000090600000, 0x0000000090600000| Untracked 
| 113|0x0000000090700000, 0x0000000090700000, 0x0000000090800000|  0%| F|  |TAMS 0x0000000090700000, 0x0000000090700000| Untracked 
| 114|0x0000000090800000, 0x0000000090800000, 0x0000000090900000|  0%| F|  |TAMS 0x0000000090800000, 0x0000000090800000| Untracked 
| 115|0x0000000090900000, 0x0000000090900000, 0x0000000090a00000|  0%| F|  |TAMS 0x0000000090900000, 0x0000000090900000| Untracked 
| 116|0x0000000090a00000, 0x0000000090a00000, 0x0000000090b00000|  0%| F|  |TAMS 0x0000000090a00000, 0x0000000090a00000| Untracked 
| 117|0x0000000090b00000, 0x0000000090b00000, 0x0000000090c00000|  0%| F|  |TAMS 0x0000000090b00000, 0x0000000090b00000| Untracked 
| 118|0x0000000090c00000, 0x0000000090d00000, 0x0000000090d00000|100%| E|  |TAMS 0x0000000090c00000, 0x0000000090c00000| Complete 
| 119|0x0000000090d00000, 0x0000000090e00000, 0x0000000090e00000|100%| E|CS|TAMS 0x0000000090d00000, 0x0000000090d00000| Complete 

Card table byte_map: [0x000001a27d5b0000,0x000001a27d970000] _byte_map_base: 0x000001a27d165000

Marking Bits (Prev, Next): (CMBitMap*) 0x000001a2648b7350, (CMBitMap*) 0x000001a2648b7390
 Prev Bits: [0x000001a27dd30000, 0x000001a27fad8000)
 Next Bits: [0x000001a200000000, 0x000001a201da8000)

Polling page: 0x000001a264920000

Metaspace:

Usage:
  Non-class:    726.22 KB used.
      Class:     78.43 KB used.
       Both:    804.65 KB used.

Virtual space:
  Non-class space:       64.00 MB reserved,     768.00 KB (  1%) committed,  1 nodes.
      Class space:        1.00 GB reserved,     128.00 KB ( <1%) committed,  1 nodes.
             Both:        1.06 GB reserved,     896.00 KB ( <1%) committed. 

Chunk freelists:
   Non-Class:  11.78 MB
       Class:  15.70 MB
        Both:  27.48 MB

MaxMetaspaceSize: unlimited
CompressedClassSpaceSize: 1.00 GB
Initial GC threshold: 21.00 MB
Current GC threshold: 21.00 MB
CDS: on
MetaspaceReclaimPolicy: balanced
 - commit_granule_bytes: 65536.
 - commit_granule_words: 8192.
 - virtual_space_node_default_size: 8388608.
 - enlarge_chunks_in_place: 1.
 - new_chunks_are_fully_committed: 0.
 - uncommit_free_chunks: 1.
 - use_allocation_guard: 0.
 - handle_deallocations: 1.


Internal statistics:

num_allocs_failed_limit: 0.
num_arena_births: 26.
num_arena_deaths: 0.
num_vsnodes_births: 2.
num_vsnodes_deaths: 0.
num_space_committed: 14.
num_space_uncommitted: 0.
num_chunks_returned_to_freelist: 0.
num_chunks_taken_from_freelist: 50.
num_chunk_merges: 0.
num_chunk_splits: 26.
num_chunks_enlarged: 18.
num_inconsistent_stats: 0.

CodeHeap 'non-profiled nmethods': size=120000Kb used=91Kb max_used=91Kb free=119908Kb
 bounds [0x000001a2756a0000, 0x000001a275910000, 0x000001a27cbd0000]
CodeHeap 'profiled nmethods': size=120000Kb used=311Kb max_used=311Kb free=119688Kb
 bounds [0x000001a26dbd0000, 0x000001a26de40000, 0x000001a275100000]
CodeHeap 'non-nmethods': size=5760Kb used=1104Kb max_used=1114Kb free=4655Kb
 bounds [0x000001a275100000, 0x000001a275370000, 0x000001a2756a0000]
 total_blobs=641 nmethods=261 adapters=293
 compilation: enabled
              stopped_count=0, restarted_count=0
 full_count=0

Compilation events (20 events):
Event: 0.148 Thread 0x000001a203f65080  206       3       java.lang.invoke.MethodType$ConcurrentWeakInternSet::get (47 bytes)
Event: 0.149 Thread 0x000001a203f65080 nmethod 206 0x000001a26dc02210 code [0x000001a26dc02440, 0x000001a26dc02d98]
Event: 0.149 Thread 0x000001a203f65080  208       3       sun.invoke.util.VerifyAccess::isTypeVisible (118 bytes)
Event: 0.151 Thread 0x000001a203f65080 nmethod 208 0x000001a26dc03110 code [0x000001a26dc03540, 0x000001a26dc054b8]
Event: 0.151 Thread 0x000001a203f65080  211       3       java.util.Arrays::equals (57 bytes)
Event: 0.151 Thread 0x000001a203f65080 nmethod 211 0x000001a26dc05e90 code [0x000001a26dc06080, 0x000001a26dc06628]
Event: 0.152 Thread 0x000001a203f65080  213       3       java.lang.Number::<init> (5 bytes)
Event: 0.152 Thread 0x000001a203f65080 nmethod 213 0x000001a26dc06810 code [0x000001a26dc069c0, 0x000001a26dc06b18]
Event: 0.152 Thread 0x000001a203f65080  215       3       java.lang.invoke.LambdaForm::argument (27 bytes)
Event: 0.152 Thread 0x000001a203f65080 nmethod 215 0x000001a26dc06c10 code [0x000001a26dc06de0, 0x000001a26dc07048]
Event: 0.152 Thread 0x000001a203f65080  212       1       java.lang.invoke.LambdaForm$Name::index (5 bytes)
Event: 0.152 Thread 0x000001a203f65080 nmethod 212 0x000001a2756b4510 code [0x000001a2756b46a0, 0x000001a2756b4778]
Event: 0.152 Thread 0x000001a203f65080  207       1       java.lang.invoke.MethodTypeForm::erasedType (5 bytes)
Event: 0.152 Thread 0x000001a203f65080 nmethod 207 0x000001a2756b4810 code [0x000001a2756b49a0, 0x000001a2756b4a78]
Event: 0.152 Thread 0x000001a203f65080  221       1       java.lang.invoke.LambdaForm$BasicType::basicTypeClass (5 bytes)
Event: 0.152 Thread 0x000001a203f65080 nmethod 221 0x000001a2756b4b10 code [0x000001a2756b4ca0, 0x000001a2756b4d78]
Event: 0.152 Thread 0x000001a203f65080  222       3       java.lang.invoke.LambdaForm$Name::useCount (51 bytes)
Event: 0.152 Thread 0x000001a203f65080 nmethod 222 0x000001a26dc07190 code [0x000001a26dc07340, 0x000001a26dc07598]
Event: 0.152 Thread 0x000001a203f65080  223       3       jdk.internal.org.objectweb.asm.Frame::execute (2305 bytes)
Event: 0.157 Thread 0x000001a203f39c50  226   !   4       java.nio.DirectByteBuffer::get (34 bytes)

GC Heap History (0 events):
No events

Dll operation events (7 events):
Event: 0.011 Loaded shared library C:\Program Files\Eclipse Adoptium\jdk-17.0.16.8-hotspot\bin\java.dll
Event: 0.039 Loaded shared library C:\Program Files\Eclipse Adoptium\jdk-17.0.16.8-hotspot\bin\jsvml.dll
Event: 0.087 Loaded shared library C:\Program Files\Eclipse Adoptium\jdk-17.0.16.8-hotspot\bin\net.dll
Event: 0.089 Loaded shared library C:\Program Files\Eclipse Adoptium\jdk-17.0.16.8-hotspot\bin\nio.dll
Event: 0.093 Loaded shared library C:\Program Files\Eclipse Adoptium\jdk-17.0.16.8-hotspot\bin\zip.dll
Event: 0.098 Loaded shared library C:\Program Files\Eclipse Adoptium\jdk-17.0.16.8-hotspot\bin\jimage.dll
Event: 0.110 Loaded shared library C:\Program Files\Eclipse Adoptium\jdk-17.0.16.8-hotspot\bin\attach.dll

Deoptimization events (0 events):
No events

Classes loaded (20 events):
Event: 0.131 Loading class java/util/regex/Pattern$BnM
Event: 0.131 Loading class java/util/regex/Pattern$BnM done
Event: 0.131 Loading class java/util/regex/Pattern$SliceS
Event: 0.131 Loading class java/util/regex/Pattern$SliceS done
Event: 0.136 Loading class java/lang/IllegalAccessException
Event: 0.136 Loading class java/lang/IllegalAccessException done
Event: 0.136 Loading class java/lang/InstantiationException
Event: 0.136 Loading class java/lang/InstantiationException done
Event: 0.136 Loading class java/lang/reflect/InvocationTargetException
Event: 0.136 Loading class java/lang/reflect/InvocationTargetException done
Event: 0.136 Loading class java/io/FileNotFoundException
Event: 0.136 Loading class java/io/FileNotFoundException done
Event: 0.138 Loading class jdk/internal/perf/Perf$CleanerAction
Event: 0.138 Loading class jdk/internal/perf/Perf$CleanerAction done
Event: 0.153 Loading class java/net/MalformedURLException
Event: 0.153 Loading class java/net/MalformedURLException done
Event: 0.154 Loading class java/lang/InterruptedException
Event: 0.154 Loading class java/lang/InterruptedException done
Event: 0.156 Loading class java/nio/HeapIntBuffer
Event: 0.156 Loading class java/nio/HeapIntBuffer done

Classes unloaded (0 events):
No events

Classes redefined (0 events):
No events

Internal exceptions (0 events):
No events

VM Operations (2 events):
Event: 0.094 Executing VM operation: HandshakeAllThreads
Event: 0.094 Executing VM operation: HandshakeAllThreads done

Memory protections (0 events):
No events

Nmethod flushes (0 events):
No events

Events (12 events):
Event: 0.039 Thread 0x000001a26485f770 Thread added: 0x000001a26485f770
Event: 0.043 Thread 0x000001a26485f770 Thread added: 0x000001a203f0d4e0
Event: 0.044 Thread 0x000001a26485f770 Thread added: 0x000001a203f0e160
Event: 0.055 Thread 0x000001a26485f770 Thread added: 0x000001a203f22120
Event: 0.055 Thread 0x000001a26485f770 Thread added: 0x000001a203f23af0
Event: 0.055 Thread 0x000001a26485f770 Thread added: 0x000001a203f244b0
Event: 0.055 Thread 0x000001a26485f770 Thread added: 0x000001a203f24e70
Event: 0.055 Thread 0x000001a26485f770 Thread added: 0x000001a203f39c50
Event: 0.055 Thread 0x000001a26485f770 Thread added: 0x000001a203f65080
Event: 0.055 Thread 0x000001a26485f770 Thread added: 0x000001a203f67a90
Event: 0.080 Thread 0x000001a26485f770 Thread added: 0x000001a2491e2150
Event: 0.083 Thread 0x000001a26485f770 Thread added: 0x000001a2491ed930


Dynamic libraries:
0x00007ff70fb70000 - 0x00007ff70fb7e000 	C:\Program Files\Eclipse Adoptium\jdk-17.0.16.8-hotspot\bin\java.exe
0x00007ffd38210000 - 0x00007ffd38408000 	C:\Windows\SYSTEM32\ntdll.dll
0x00007ffd36230000 - 0x00007ffd362f2000 	C:\Windows\System32\KERNEL32.DLL
0x00007ffd35b30000 - 0x00007ffd35e26000 	C:\Windows\System32\KERNELBASE.dll
0x00007ffd35fe0000 - 0x00007ffd360e0000 	C:\Windows\System32\ucrtbase.dll
0x00007ffd11580000 - 0x00007ffd1159e000 	C:\Program Files\Eclipse Adoptium\jdk-17.0.16.8-hotspot\bin\VCRUNTIME140.dll
0x00007ffd0fe00000 - 0x00007ffd0fe17000 	C:\Program Files\Eclipse Adoptium\jdk-17.0.16.8-hotspot\bin\jli.dll
0x00007ffd37940000 - 0x00007ffd37ae1000 	C:\Windows\System32\USER32.dll
0x00007ffd36200000 - 0x00007ffd36222000 	C:\Windows\System32\win32u.dll
0x00007ffd36310000 - 0x00007ffd3633b000 	C:\Windows\System32\GDI32.dll
0x00007ffd1eec0000 - 0x00007ffd1f15b000 	C:\Windows\WinSxS\amd64_microsoft.windows.common-controls_6595b64144ccf1df_6.0.19041.6456_none_60b8a6cb71f64256\COMCTL32.dll
0x00007ffd360e0000 - 0x00007ffd361f9000 	C:\Windows\System32\gdi32full.dll
0x00007ffd36c80000 - 0x00007ffd36d1e000 	C:\Windows\System32\msvcrt.dll
0x00007ffd358a0000 - 0x00007ffd3593d000 	C:\Windows\System32\msvcp_win.dll
0x00007ffd37910000 - 0x00007ffd3793f000 	C:\Windows\System32\IMM32.DLL
0x00007ffd2dd70000 - 0x00007ffd2dd7c000 	C:\Program Files\Eclipse Adoptium\jdk-17.0.16.8-hotspot\bin\vcruntime140_1.dll
0x00007ffd0d6b0000 - 0x00007ffd0d73d000 	C:\Program Files\Eclipse Adoptium\jdk-17.0.16.8-hotspot\bin\msvcp140.dll
0x00007ffc9a1a0000 - 0x00007ffc9ae0b000 	C:\Program Files\Eclipse Adoptium\jdk-17.0.16.8-hotspot\bin\server\jvm.dll
0x00007ffd36340000 - 0x00007ffd363f1000 	C:\Windows\System32\ADVAPI32.dll
0x00007ffd36be0000 - 0x00007ffd36c7f000 	C:\Windows\System32\sechost.dll
0x00007ffd37020000 - 0x00007ffd37140000 	C:\Windows\System32\RPCRT4.dll
0x00007ffd35e30000 - 0x00007ffd35e57000 	C:\Windows\System32\bcrypt.dll
0x00007ffd36fb0000 - 0x00007ffd3701b000 	C:\Windows\System32\WS2_32.dll
0x00007ffd34da0000 - 0x00007ffd34deb000 	C:\Windows\SYSTEM32\POWRPROF.dll
0x00007ffd1f170000 - 0x00007ffd1f197000 	C:\Windows\SYSTEM32\WINMM.dll
0x00007ffd2edb0000 - 0x00007ffd2edba000 	C:\Windows\SYSTEM32\VERSION.dll
0x00007ffd34c60000 - 0x00007ffd34c72000 	C:\Windows\SYSTEM32\UMPDC.dll
0x00007ffd34070000 - 0x00007ffd34082000 	C:\Windows\SYSTEM32\kernel.appcore.dll
0x00007ffd14320000 - 0x00007ffd1432a000 	C:\Program Files\Eclipse Adoptium\jdk-17.0.16.8-hotspot\bin\jimage.dll
0x00007ffd25fb0000 - 0x00007ffd261b1000 	C:\Windows\SYSTEM32\DBGHELP.DLL
0x00007ffd25f50000 - 0x00007ffd25f84000 	C:\Windows\SYSTEM32\dbgcore.DLL
0x00007ffd35940000 - 0x00007ffd359c2000 	C:\Windows\System32\bcryptPrimitives.dll
0x00007ffd0f1d0000 - 0x00007ffd0f1f5000 	C:\Program Files\Eclipse Adoptium\jdk-17.0.16.8-hotspot\bin\java.dll
0x00007ffd0d370000 - 0x00007ffd0d447000 	C:\Program Files\Eclipse Adoptium\jdk-17.0.16.8-hotspot\bin\jsvml.dll
0x00007ffd37140000 - 0x00007ffd378b0000 	C:\Windows\System32\SHELL32.dll
0x00007ffd338b0000 - 0x00007ffd34055000 	C:\Windows\SYSTEM32\windows.storage.dll
0x00007ffd37ba0000 - 0x00007ffd37ef4000 	C:\Windows\System32\combase.dll
0x00007ffd351f0000 - 0x00007ffd3521b000 	C:\Windows\SYSTEM32\Wldp.dll
0x00007ffd38100000 - 0x00007ffd381cd000 	C:\Windows\System32\OLEAUT32.dll
0x00007ffd36400000 - 0x00007ffd364ad000 	C:\Windows\System32\SHCORE.dll
0x00007ffd36b80000 - 0x00007ffd36bdb000 	C:\Windows\System32\shlwapi.dll
0x00007ffd357d0000 - 0x00007ffd357f4000 	C:\Windows\SYSTEM32\profapi.dll
0x00007ffd0dbb0000 - 0x00007ffd0dbc9000 	C:\Program Files\Eclipse Adoptium\jdk-17.0.16.8-hotspot\bin\net.dll
0x00007ffd330e0000 - 0x00007ffd331ea000 	C:\Windows\SYSTEM32\WINHTTP.dll
0x00007ffd34fd0000 - 0x00007ffd3503a000 	C:\Windows\system32\mswsock.dll
0x00007ffd0db90000 - 0x00007ffd0dba6000 	C:\Program Files\Eclipse Adoptium\jdk-17.0.16.8-hotspot\bin\nio.dll
0x00007ffd0d820000 - 0x00007ffd0d838000 	C:\Program Files\Eclipse Adoptium\jdk-17.0.16.8-hotspot\bin\zip.dll
0x00007ffd0d770000 - 0x00007ffd0d779000 	C:\Program Files\Eclipse Adoptium\jdk-17.0.16.8-hotspot\bin\attach.dll
0x00007ffd38050000 - 0x00007ffd38058000 	C:\Windows\System32\PSAPI.DLL

dbghelp: loaded successfully - version: 4.0.5 - missing functions: none
symbol engine: initialized successfully - sym options: 0x614 - pdb path: .;C:\Program Files\Eclipse Adoptium\jdk-17.0.16.8-hotspot\bin;C:\Windows\SYSTEM32;C:\Windows\WinSxS\amd64_microsoft.windows.common-controls_6595b64144ccf1df_6.0.19041.6456_none_60b8a6cb71f64256;C:\Program Files\Eclipse Adoptium\jdk-17.0.16.8-hotspot\bin\server

VM Arguments:
jvm_args: -Dnet.bytebuddy.agent.attacher.dump= 
java_command: net.bytebuddy.agent.Attacher com.sun.tools.attach.VirtualMachine 15572 C:\Users\user\.m2\repository\net\bytebuddy\byte-buddy-agent\1.17.8\byte-buddy-agent-1.17.8.jar false 
java_class_path (initial): C:\Users\user\.m2\repository\net\bytebuddy\byte-buddy-agent\1.17.8\byte-buddy-agent-1.17.8.jar
Launcher Type: SUN_STANDARD

[Global flags]
     intx CICompilerCount                          = 3                                         {product} {ergonomic}
     uint ConcGCThreads                            = 1                                         {product} {ergonomic}
     uint G1ConcRefinementThreads                  = 4                                         {product} {ergonomic}
   size_t G1HeapRegionSize                         = 1048576                                   {product} {ergonomic}
    uintx GCDrainStackTargetSize                   = 64                                        {product} {ergonomic}
   size_t InitialHeapSize                          = 125829120                                 {product} {ergonomic}
   size_t MarkStackSize                            = 4194304                                   {product} {ergonomic}
   size_t MaxHeapSize                              = 1990197248                                {product} {ergonomic}
   size_t MaxNewSize                               = 1193279488                                {product} {ergonomic}
   size_t MinHeapDeltaBytes                        = 1048576                                   {product} {ergonomic}
   size_t MinHeapSize                              = 8388608                                   {product} {ergonomic}
    uintx NonNMethodCodeHeapSize                   = 5832780                                {pd product} {ergonomic}
    uintx NonProfiledCodeHeapSize                  = 122912730                              {pd product} {ergonomic}
    uintx ProfiledCodeHeapSize                     = 122912730                              {pd product} {ergonomic}
    uintx ReservedCodeCacheSize                    = 251658240                              {pd product} {ergonomic}
     bool SegmentedCodeCache                       = true                                      {product} {ergonomic}
   size_t SoftMaxHeapSize                          = 1990197248                             {manageable} {ergonomic}
     bool UseCompressedClassPointers               = true                           {product lp64_product} {ergonomic}
     bool UseCompressedOops                        = true                           {product lp64_product} {ergonomic}
     bool UseG1GC                                  = true                                      {product} {ergonomic}
     bool UseLargePagesIndividualAllocation        = false                                  {pd product} {ergonomic}

Logging:
Log output configuration:
 #0: stdout all=warning uptime,level,tags
 #1: stderr all=off uptime,level,tags

Environment Variables:
JAVA_HOME=C:\Program Files\Eclipse Adoptium\jdk-17.0.16.8-hotspot
PATH=D:/FA_Projects_Document/sts-4.31.0.RELEASE//plugins/org.eclipse.justj.openjdk.hotspot.jre.full.win32.x86_64_21.0.7.v20250502-0916/jre/bin/server;D:/FA_Projects_Document/sts-4.31.0.RELEASE//plugins/org.eclipse.justj.openjdk.hotspot.jre.full.win32.x86_64_21.0.7.v20250502-0916/jre/bin;C:\Program Files\Eclipse Adoptium\jdk-17.0.16.8-hotspot\bin;C:\Program Files\Eclipse Adoptium\jdk-11.0.28.6-hotspot\bin;C:\Program Files\Common Files\Oracle\Java\javapath;C:\Windows\system32;C:\Windows;C:\Windows\System32\Wbem;C:\Windows\System32\WindowsPowerShell\v1.0\;C:\Windows\System32\OpenSSH\;C:\Program Files\Git\cmd;C:\Program Files\MySQL\MySQL Server 8.0\bin;C:\Users\user\Downloads\apache-maven-3.8.8-bin\apache-maven-3.8.8\bin;C:\Program Files\MongoDB\Server\8.0\bin;C:\Program Files\nodejs\;C:\ProgramData\chocolatey\bin;C:\Program Files\Amazon\AWSCLIV2\;C:\Program Files\Docker\Docker\resources\bin;C:\Program Files\MySQL\MySQL Shell 8.0\bin\;C:\Users\user\AppData\Local\Microsoft\WindowsApps;C:\Users\user\Desktop\Microsoft VS Code\bin;C:\Program Files\JetBrains\IntelliJ IDEA 2024.1.2\bin;;C:\Users\user\AppData\Local\GitHubDesktop\bin;C:\Users\user\AppData\Roaming\npm;C:\Users\user\AppData\Local\Programs\mongosh\;D:\FA_Projects_Document\sts-4.31.0.RELEASE;
USERNAME=user
OS=Windows_NT
PROCESSOR_IDENTIFIER=Intel64 Family 6 Model 78 Stepping 3, GenuineIntel
TMP=C:\Users\user\AppData\Local\Temp
TEMP=C:\Users\user\AppData\Local\Temp



Periodic native trim disabled


---------------  S Y S T E M  ---------------

OS:
 Windows 10 , 64 bit Build 19041 (10.0.19041.5915)
OS uptime: 0 days 4:43 hours
Hyper-V role detected

CPU: total 4 (initial active 4) (2 cores per cpu, 2 threads per core) family 6 model 78 stepping 3 microcode 0xcc, cx8, cmov, fxsr, ht, mmx, 3dnowpref, sse, sse2, sse3, ssse3, sse4.1, sse4.2, popcnt, lzcnt, tsc, tscinvbit, avx, avx2, aes, erms, clmul, bmi1, bmi2, rtm, adx, fma, vzeroupper, clflush, clflushopt, hv
Processor Information for all 4 processors :
  Max Mhz: 2496, Current Mhz: 2396, Mhz Limit: 2396

Memory: 4k page, system-wide physical 7591M (308M free)
TotalPageFile size 16142M (AvailPageFile size 5M)
current process WorkingSet (physical memory assigned to process): 37M, peak: 37M
current process commit charge ("private bytes"): 195M, peak: 195M

vm_info: OpenJDK 64-Bit Server VM (17.0.16+8) for windows-amd64 JRE (17.0.16+8), built on Jul 16 2025 10:37:56 by "admin" with MS VC++ 17.7 (VS2022)

END.
