#
# There is insufficient memory for the Java Runtime Environment to continue.
# Native memory allocation (malloc) failed to allocate 291376 bytes. Error detail: Chunk::new
# Possible reasons:
#   The system is out of physical RAM or swap space
#   This process is running with CompressedOops enabled, and the Java Heap may be blocking the growth of the native heap
# Possible solutions:
#   Reduce memory load on the system
#   Increase physical memory or swap space
#   Check if swap backing store is full
#   Decrease Java heap size (-Xmx/-Xms)
#   Decrease number of Java threads
#   Decrease Java thread stack sizes (-Xss)
#   Set larger code cache with -XX:ReservedCodeCacheSize=
#   JVM is running with Unscaled Compressed Oops mode in which the Java heap is
#     placed in the first 4GB address space. The Java Heap base address is the
#     maximum limit for the native heap growth. Please use -XX:HeapBaseMinAddress
#     to set the Java Heap base and to place the Java Heap above 4GB virtual address.
# This output file may be truncated or incomplete.
#
#  Out of Memory Error (arena.cpp:191), pid=18308, tid=11248
#
# JRE version: OpenJDK Runtime Environment Temurin-17.0.16+8 (17.0.16+8) (build 17.0.16+8)
# Java VM: OpenJDK 64-Bit Server VM Temurin-17.0.16+8 (17.0.16+8, mixed mode, sharing, tiered, compressed oops, compressed class ptrs, g1 gc, windows-amd64)
# No core dump will be written. Minidumps are not enabled by default on client versions of Windows
#

---------------  S U M M A R Y ------------

Command Line: -Dnet.bytebuddy.agent.attacher.dump= net.bytebuddy.agent.Attacher com.sun.tools.attach.VirtualMachine 15572 C:\Users\user\.m2\repository\net\bytebuddy\byte-buddy-agent\1.17.8\byte-buddy-agent-1.17.8.jar false 

Host: Intel(R) Core(TM) i5-6300U CPU @ 2.40GHz, 4 cores, 7G,  Windows 10 , 64 bit Build 19041 (10.0.19041.5915)
Time: Tue Nov 18 19:57:45 2025 India Standard Time elapsed time: 0.256701 seconds (0d 0h 0m 0s)

---------------  T H R E A D  ---------------

Current thread (0x0000019c403b3dd0):  JavaThread "C2 CompilerThread0" daemon [_thread_in_native, id=11248, stack(0x00000081e1000000,0x00000081e1100000)]


Current CompileTask:
C2:    256  301       4       java.io.StreamTokenizer::nextToken (1266 bytes)

Stack: [0x00000081e1000000,0x00000081e1100000]
Native frames: (J=compiled Java code, j=interpreted, Vv=VM code, C=native code)
V  [jvm.dll+0x683169]
V  [jvm.dll+0x839ac8]
V  [jvm.dll+0x83b573]
V  [jvm.dll+0x83bbe3]
V  [jvm.dll+0x2473ff]
V  [jvm.dll+0xace94]
V  [jvm.dll+0xad52c]
V  [jvm.dll+0x2acc2f]
V  [jvm.dll+0x5891f9]
V  [jvm.dll+0x221182]
V  [jvm.dll+0x219bfb]
V  [jvm.dll+0x21765b]
V  [jvm.dll+0x1a32a0]
V  [jvm.dll+0x227b3c]
V  [jvm.dll+0x225ccb]
V  [jvm.dll+0x7ef2d8]
V  [jvm.dll+0x7e979c]
V  [jvm.dll+0x682047]
C  [ucrtbase.dll+0x21bb2]
C  [KERNEL32.DLL+0x17374]
C  [ntdll.dll+0x4cc91]


---------------  P R O C E S S  ---------------

Threads class SMR info:
_java_thread_list=0x0000019c405cfec0, length=12, elements={
0x0000019c22cfbfc0, 0x0000019c40386830, 0x0000019c403899c0, 0x0000019c4039edd0,
0x0000019c4039f790, 0x0000019c403a4900, 0x0000019c403a5a60, 0x0000019c403b3dd0,
0x0000019c403d88a0, 0x0000019c403e2280, 0x0000019c40607fd0, 0x0000019c40606b90
}

Java Threads: ( => current thread )
  0x0000019c22cfbfc0 JavaThread "main" [_thread_in_vm, id=17904, stack(0x00000081e0300000,0x00000081e0400000)]
  0x0000019c40386830 JavaThread "Reference Handler" daemon [_thread_blocked, id=6472, stack(0x00000081e0a00000,0x00000081e0b00000)]
  0x0000019c403899c0 JavaThread "Finalizer" daemon [_thread_blocked, id=10856, stack(0x00000081e0b00000,0x00000081e0c00000)]
  0x0000019c4039edd0 JavaThread "Signal Dispatcher" daemon [_thread_blocked, id=2756, stack(0x00000081e0c00000,0x00000081e0d00000)]
  0x0000019c4039f790 JavaThread "Attach Listener" daemon [_thread_blocked, id=256, stack(0x00000081e0d00000,0x00000081e0e00000)]
  0x0000019c403a4900 JavaThread "Service Thread" daemon [_thread_blocked, id=5156, stack(0x00000081e0e00000,0x00000081e0f00000)]
  0x0000019c403a5a60 JavaThread "Monitor Deflation Thread" daemon [_thread_blocked, id=2700, stack(0x00000081e0f00000,0x00000081e1000000)]
=>0x0000019c403b3dd0 JavaThread "C2 CompilerThread0" daemon [_thread_in_native, id=11248, stack(0x00000081e1000000,0x00000081e1100000)]
  0x0000019c403d88a0 JavaThread "C1 CompilerThread0" daemon [_thread_in_vm, id=16528, stack(0x00000081e1100000,0x00000081e1200000)]
  0x0000019c403e2280 JavaThread "Sweeper thread" daemon [_thread_blocked, id=9504, stack(0x00000081e1200000,0x00000081e1300000)]
  0x0000019c40607fd0 JavaThread "Notification Thread" daemon [_thread_blocked, id=16708, stack(0x00000081e1300000,0x00000081e1400000)]
  0x0000019c40606b90 JavaThread "Common-Cleaner" daemon [_thread_blocked, id=13336, stack(0x00000081e1500000,0x00000081e1600000)]

Other Threads:
  0x0000019c403809f0 VMThread "VM Thread" [stack: 0x00000081e0900000,0x00000081e0a00000] [id=17540]
  0x0000019c406087e0 WatcherThread [stack: 0x00000081e1400000,0x00000081e1500000] [id=7444]
  0x0000019c22d51750 GCTaskThread "GC Thread#0" [stack: 0x00000081e0400000,0x00000081e0500000] [id=11604]
  0x0000019c22d623f0 ConcurrentGCThread "G1 Main Marker" [stack: 0x00000081e0500000,0x00000081e0600000] [id=6708]
  0x0000019c22d635b0 ConcurrentGCThread "G1 Conc#0" [stack: 0x00000081e0600000,0x00000081e0700000] [id=16856]
  0x0000019c40240090 ConcurrentGCThread "G1 Refine#0" [stack: 0x00000081e0700000,0x00000081e0800000] [id=18580]
  0x0000019c40240ac0 ConcurrentGCThread "G1 Service" [stack: 0x00000081e0800000,0x00000081e0900000] [id=7448]

Threads with active compile tasks:
C2 CompilerThread0      300  301       4       java.io.StreamTokenizer::nextToken (1266 bytes)
C1 CompilerThread0      300  311       3       java.lang.invoke.MemberName::getMethodOrFieldType (72 bytes)

VM state: not at safepoint (normal execution)

VM Mutex/Monitor currently owned by a thread:  ([mutex/lock_event])
[0x0000019c22cf7e50] Metaspace_lock - owner thread: 0x0000019c403d88a0
[0x0000019c22cf7a60] MethodData_lock - owner thread: 0x0000019c403d88a0

Heap address: 0x0000000089600000, size: 1898 MB, Compressed Oops mode: 32-bit

CDS archive(s) mapped at: [0x0000019c41000000-0x0000019c41bb0000-0x0000019c41bb0000), size 12255232, SharedBaseAddress: 0x0000019c41000000, ArchiveRelocationMode: 1.
Compressed class space mapped at: 0x0000019c42000000-0x0000019c82000000, reserved size: 1073741824
Narrow klass base: 0x0000019c41000000, Narrow klass shift: 0, Narrow klass range: 0x100000000

GC Precious Log:
 CPUs: 4 total, 4 available
 Memory: 7591M
 Large Page Support: Disabled
 NUMA Support: Disabled
 Compressed Oops: Enabled (32-bit)
 Heap Region Size: 1M
 Heap Min Capacity: 8M
 Heap Initial Capacity: 120M
 Heap Max Capacity: 1898M
 Pre-touch: Disabled
 Parallel Workers: 4
 Concurrent Workers: 1
 Concurrent Refinement Workers: 4
 Periodic GC: Disabled

Heap:
 garbage-first heap   total 122880K, used 2048K [0x0000000089600000, 0x0000000100000000)
  region size 1024K, 3 young (3072K), 0 survivors (0K)
 Metaspace       used 891K, committed 960K, reserved 1114112K
  class space    used 86K, committed 128K, reserved 1048576K

Heap Regions: E=young(eden), S=young(survivor), O=old, HS=humongous(starts), HC=humongous(continues), CS=collection set, F=free, OA=open archive, CA=closed archive, TAMS=top-at-mark-start (previous, next)
|   0|0x0000000089600000, 0x0000000089600000, 0x0000000089700000|  0%| F|  |TAMS 0x0000000089600000, 0x0000000089600000| Untracked 
|   1|0x0000000089700000, 0x0000000089700000, 0x0000000089800000|  0%| F|  |TAMS 0x0000000089700000, 0x0000000089700000| Untracked 
|   2|0x0000000089800000, 0x0000000089800000, 0x0000000089900000|  0%| F|  |TAMS 0x0000000089800000, 0x0000000089800000| Untracked 
|   3|0x0000000089900000, 0x0000000089900000, 0x0000000089a00000|  0%| F|  |TAMS 0x0000000089900000, 0x0000000089900000| Untracked 
|   4|0x0000000089a00000, 0x0000000089a00000, 0x0000000089b00000|  0%| F|  |TAMS 0x0000000089a00000, 0x0000000089a00000| Untracked 
|   5|0x0000000089b00000, 0x0000000089b00000, 0x0000000089c00000|  0%| F|  |TAMS 0x0000000089b00000, 0x0000000089b00000| Untracked 
|   6|0x0000000089c00000, 0x0000000089c00000, 0x0000000089d00000|  0%| F|  |TAMS 0x0000000089c00000, 0x0000000089c00000| Untracked 
|   7|0x0000000089d00000, 0x0000000089d00000, 0x0000000089e00000|  0%| F|  |TAMS 0x0000000089d00000, 0x0000000089d00000| Untracked 
|   8|0x0000000089e00000, 0x0000000089e00000, 0x0000000089f00000|  0%| F|  |TAMS 0x0000000089e00000, 0x0000000089e00000| Untracked 
|   9|0x0000000089f00000, 0x0000000089f00000, 0x000000008a000000|  0%| F|  |TAMS 0x0000000089f00000, 0x0000000089f00000| Untracked 
|  10|0x000000008a000000, 0x000000008a000000, 0x000000008a100000|  0%| F|  |TAMS 0x000000008a000000, 0x000000008a000000| Untracked 
|  11|0x000000008a100000, 0x000000008a100000, 0x000000008a200000|  0%| F|  |TAMS 0x000000008a100000, 0x000000008a100000| Untracked 
|  12|0x000000008a200000, 0x000000008a200000, 0x000000008a300000|  0%| F|  |TAMS 0x000000008a200000, 0x000000008a200000| Untracked 
|  13|0x000000008a300000, 0x000000008a300000, 0x000000008a400000|  0%| F|  |TAMS 0x000000008a300000, 0x000000008a300000| Untracked 
|  14|0x000000008a400000, 0x000000008a400000, 0x000000008a500000|  0%| F|  |TAMS 0x000000008a400000, 0x000000008a400000| Untracked 
|  15|0x000000008a500000, 0x000000008a500000, 0x000000008a600000|  0%| F|  |TAMS 0x000000008a500000, 0x000000008a500000| Untracked 
|  16|0x000000008a600000, 0x000000008a600000, 0x000000008a700000|  0%| F|  |TAMS 0x000000008a600000, 0x000000008a600000| Untracked 
|  17|0x000000008a700000, 0x000000008a700000, 0x000000008a800000|  0%| F|  |TAMS 0x000000008a700000, 0x000000008a700000| Untracked 
|  18|0x000000008a800000, 0x000000008a800000, 0x000000008a900000|  0%| F|  |TAMS 0x000000008a800000, 0x000000008a800000| Untracked 
|  19|0x000000008a900000, 0x000000008a900000, 0x000000008aa00000|  0%| F|  |TAMS 0x000000008a900000, 0x000000008a900000| Untracked 
|  20|0x000000008aa00000, 0x000000008aa00000, 0x000000008ab00000|  0%| F|  |TAMS 0x000000008aa00000, 0x000000008aa00000| Untracked 
|  21|0x000000008ab00000, 0x000000008ab00000, 0x000000008ac00000|  0%| F|  |TAMS 0x000000008ab00000, 0x000000008ab00000| Untracked 
|  22|0x000000008ac00000, 0x000000008ac00000, 0x000000008ad00000|  0%| F|  |TAMS 0x000000008ac00000, 0x000000008ac00000| Untracked 
|  23|0x000000008ad00000, 0x000000008ad00000, 0x000000008ae00000|  0%| F|  |TAMS 0x000000008ad00000, 0x000000008ad00000| Untracked 
|  24|0x000000008ae00000, 0x000000008ae00000, 0x000000008af00000|  0%| F|  |TAMS 0x000000008ae00000, 0x000000008ae00000| Untracked 
|  25|0x000000008af00000, 0x000000008af00000, 0x000000008b000000|  0%| F|  |TAMS 0x000000008af00000, 0x000000008af00000| Untracked 
|  26|0x000000008b000000, 0x000000008b000000, 0x000000008b100000|  0%| F|  |TAMS 0x000000008b000000, 0x000000008b000000| Untracked 
|  27|0x000000008b100000, 0x000000008b100000, 0x000000008b200000|  0%| F|  |TAMS 0x000000008b100000, 0x000000008b100000| Untracked 
|  28|0x000000008b200000, 0x000000008b200000, 0x000000008b300000|  0%| F|  |TAMS 0x000000008b200000, 0x000000008b200000| Untracked 
|  29|0x000000008b300000, 0x000000008b300000, 0x000000008b400000|  0%| F|  |TAMS 0x000000008b300000, 0x000000008b300000| Untracked 
|  30|0x000000008b400000, 0x000000008b400000, 0x000000008b500000|  0%| F|  |TAMS 0x000000008b400000, 0x000000008b400000| Untracked 
|  31|0x000000008b500000, 0x000000008b500000, 0x000000008b600000|  0%| F|  |TAMS 0x000000008b500000, 0x000000008b500000| Untracked 
|  32|0x000000008b600000, 0x000000008b600000, 0x000000008b700000|  0%| F|  |TAMS 0x000000008b600000, 0x000000008b600000| Untracked 
|  33|0x000000008b700000, 0x000000008b700000, 0x000000008b800000|  0%| F|  |TAMS 0x000000008b700000, 0x000000008b700000| Untracked 
|  34|0x000000008b800000, 0x000000008b800000, 0x000000008b900000|  0%| F|  |TAMS 0x000000008b800000, 0x000000008b800000| Untracked 
|  35|0x000000008b900000, 0x000000008b900000, 0x000000008ba00000|  0%| F|  |TAMS 0x000000008b900000, 0x000000008b900000| Untracked 
|  36|0x000000008ba00000, 0x000000008ba00000, 0x000000008bb00000|  0%| F|  |TAMS 0x000000008ba00000, 0x000000008ba00000| Untracked 
|  37|0x000000008bb00000, 0x000000008bb00000, 0x000000008bc00000|  0%| F|  |TAMS 0x000000008bb00000, 0x000000008bb00000| Untracked 
|  38|0x000000008bc00000, 0x000000008bc00000, 0x000000008bd00000|  0%| F|  |TAMS 0x000000008bc00000, 0x000000008bc00000| Untracked 
|  39|0x000000008bd00000, 0x000000008bd00000, 0x000000008be00000|  0%| F|  |TAMS 0x000000008bd00000, 0x000000008bd00000| Untracked 
|  40|0x000000008be00000, 0x000000008be00000, 0x000000008bf00000|  0%| F|  |TAMS 0x000000008be00000, 0x000000008be00000| Untracked 
|  41|0x000000008bf00000, 0x000000008bf00000, 0x000000008c000000|  0%| F|  |TAMS 0x000000008bf00000, 0x000000008bf00000| Untracked 
|  42|0x000000008c000000, 0x000000008c000000, 0x000000008c100000|  0%| F|  |TAMS 0x000000008c000000, 0x000000008c000000| Untracked 
|  43|0x000000008c100000, 0x000000008c100000, 0x000000008c200000|  0%| F|  |TAMS 0x000000008c100000, 0x000000008c100000| Untracked 
|  44|0x000000008c200000, 0x000000008c200000, 0x000000008c300000|  0%| F|  |TAMS 0x000000008c200000, 0x000000008c200000| Untracked 
|  45|0x000000008c300000, 0x000000008c300000, 0x000000008c400000|  0%| F|  |TAMS 0x000000008c300000, 0x000000008c300000| Untracked 
|  46|0x000000008c400000, 0x000000008c400000, 0x000000008c500000|  0%| F|  |TAMS 0x000000008c400000, 0x000000008c400000| Untracked 
|  47|0x000000008c500000, 0x000000008c500000, 0x000000008c600000|  0%| F|  |TAMS 0x000000008c500000, 0x000000008c500000| Untracked 
|  48|0x000000008c600000, 0x000000008c600000, 0x000000008c700000|  0%| F|  |TAMS 0x000000008c600000, 0x000000008c600000| Untracked 
|  49|0x000000008c700000, 0x000000008c700000, 0x000000008c800000|  0%| F|  |TAMS 0x000000008c700000, 0x000000008c700000| Untracked 
|  50|0x000000008c800000, 0x000000008c800000, 0x000000008c900000|  0%| F|  |TAMS 0x000000008c800000, 0x000000008c800000| Untracked 
|  51|0x000000008c900000, 0x000000008c900000, 0x000000008ca00000|  0%| F|  |TAMS 0x000000008c900000, 0x000000008c900000| Untracked 
|  52|0x000000008ca00000, 0x000000008ca00000, 0x000000008cb00000|  0%| F|  |TAMS 0x000000008ca00000, 0x000000008ca00000| Untracked 
|  53|0x000000008cb00000, 0x000000008cb00000, 0x000000008cc00000|  0%| F|  |TAMS 0x000000008cb00000, 0x000000008cb00000| Untracked 
|  54|0x000000008cc00000, 0x000000008cc00000, 0x000000008cd00000|  0%| F|  |TAMS 0x000000008cc00000, 0x000000008cc00000| Untracked 
|  55|0x000000008cd00000, 0x000000008cd00000, 0x000000008ce00000|  0%| F|  |TAMS 0x000000008cd00000, 0x000000008cd00000| Untracked 
|  56|0x000000008ce00000, 0x000000008ce00000, 0x000000008cf00000|  0%| F|  |TAMS 0x000000008ce00000, 0x000000008ce00000| Untracked 
|  57|0x000000008cf00000, 0x000000008cf00000, 0x000000008d000000|  0%| F|  |TAMS 0x000000008cf00000, 0x000000008cf00000| Untracked 
|  58|0x000000008d000000, 0x000000008d000000, 0x000000008d100000|  0%| F|  |TAMS 0x000000008d000000, 0x000000008d000000| Untracked 
|  59|0x000000008d100000, 0x000000008d100000, 0x000000008d200000|  0%| F|  |TAMS 0x000000008d100000, 0x000000008d100000| Untracked 
|  60|0x000000008d200000, 0x000000008d200000, 0x000000008d300000|  0%| F|  |TAMS 0x000000008d200000, 0x000000008d200000| Untracked 
|  61|0x000000008d300000, 0x000000008d300000, 0x000000008d400000|  0%| F|  |TAMS 0x000000008d300000, 0x000000008d300000| Untracked 
|  62|0x000000008d400000, 0x000000008d400000, 0x000000008d500000|  0%| F|  |TAMS 0x000000008d400000, 0x000000008d400000| Untracked 
|  63|0x000000008d500000, 0x000000008d500000, 0x000000008d600000|  0%| F|  |TAMS 0x000000008d500000, 0x000000008d500000| Untracked 
|  64|0x000000008d600000, 0x000000008d600000, 0x000000008d700000|  0%| F|  |TAMS 0x000000008d600000, 0x000000008d600000| Untracked 
|  65|0x000000008d700000, 0x000000008d700000, 0x000000008d800000|  0%| F|  |TAMS 0x000000008d700000, 0x000000008d700000| Untracked 
|  66|0x000000008d800000, 0x000000008d800000, 0x000000008d900000|  0%| F|  |TAMS 0x000000008d800000, 0x000000008d800000| Untracked 
|  67|0x000000008d900000, 0x000000008d900000, 0x000000008da00000|  0%| F|  |TAMS 0x000000008d900000, 0x000000008d900000| Untracked 
|  68|0x000000008da00000, 0x000000008da00000, 0x000000008db00000|  0%| F|  |TAMS 0x000000008da00000, 0x000000008da00000| Untracked 
|  69|0x000000008db00000, 0x000000008db00000, 0x000000008dc00000|  0%| F|  |TAMS 0x000000008db00000, 0x000000008db00000| Untracked 
|  70|0x000000008dc00000, 0x000000008dc00000, 0x000000008dd00000|  0%| F|  |TAMS 0x000000008dc00000, 0x000000008dc00000| Untracked 
|  71|0x000000008dd00000, 0x000000008dd00000, 0x000000008de00000|  0%| F|  |TAMS 0x000000008dd00000, 0x000000008dd00000| Untracked 
|  72|0x000000008de00000, 0x000000008de00000, 0x000000008df00000|  0%| F|  |TAMS 0x000000008de00000, 0x000000008de00000| Untracked 
|  73|0x000000008df00000, 0x000000008df00000, 0x000000008e000000|  0%| F|  |TAMS 0x000000008df00000, 0x000000008df00000| Untracked 
|  74|0x000000008e000000, 0x000000008e000000, 0x000000008e100000|  0%| F|  |TAMS 0x000000008e000000, 0x000000008e000000| Untracked 
|  75|0x000000008e100000, 0x000000008e100000, 0x000000008e200000|  0%| F|  |TAMS 0x000000008e100000, 0x000000008e100000| Untracked 
|  76|0x000000008e200000, 0x000000008e200000, 0x000000008e300000|  0%| F|  |TAMS 0x000000008e200000, 0x000000008e200000| Untracked 
|  77|0x000000008e300000, 0x000000008e300000, 0x000000008e400000|  0%| F|  |TAMS 0x000000008e300000, 0x000000008e300000| Untracked 
|  78|0x000000008e400000, 0x000000008e400000, 0x000000008e500000|  0%| F|  |TAMS 0x000000008e400000, 0x000000008e400000| Untracked 
|  79|0x000000008e500000, 0x000000008e500000, 0x000000008e600000|  0%| F|  |TAMS 0x000000008e500000, 0x000000008e500000| Untracked 
|  80|0x000000008e600000, 0x000000008e600000, 0x000000008e700000|  0%| F|  |TAMS 0x000000008e600000, 0x000000008e600000| Untracked 
|  81|0x000000008e700000, 0x000000008e700000, 0x000000008e800000|  0%| F|  |TAMS 0x000000008e700000, 0x000000008e700000| Untracked 
|  82|0x000000008e800000, 0x000000008e800000, 0x000000008e900000|  0%| F|  |TAMS 0x000000008e800000, 0x000000008e800000| Untracked 
|  83|0x000000008e900000, 0x000000008e900000, 0x000000008ea00000|  0%| F|  |TAMS 0x000000008e900000, 0x000000008e900000| Untracked 
|  84|0x000000008ea00000, 0x000000008ea00000, 0x000000008eb00000|  0%| F|  |TAMS 0x000000008ea00000, 0x000000008ea00000| Untracked 
|  85|0x000000008eb00000, 0x000000008eb00000, 0x000000008ec00000|  0%| F|  |TAMS 0x000000008eb00000, 0x000000008eb00000| Untracked 
|  86|0x000000008ec00000, 0x000000008ec00000, 0x000000008ed00000|  0%| F|  |TAMS 0x000000008ec00000, 0x000000008ec00000| Untracked 
|  87|0x000000008ed00000, 0x000000008ed00000, 0x000000008ee00000|  0%| F|  |TAMS 0x000000008ed00000, 0x000000008ed00000| Untracked 
|  88|0x000000008ee00000, 0x000000008ee00000, 0x000000008ef00000|  0%| F|  |TAMS 0x000000008ee00000, 0x000000008ee00000| Untracked 
|  89|0x000000008ef00000, 0x000000008ef00000, 0x000000008f000000|  0%| F|  |TAMS 0x000000008ef00000, 0x000000008ef00000| Untracked 
|  90|0x000000008f000000, 0x000000008f000000, 0x000000008f100000|  0%| F|  |TAMS 0x000000008f000000, 0x000000008f000000| Untracked 
|  91|0x000000008f100000, 0x000000008f100000, 0x000000008f200000|  0%| F|  |TAMS 0x000000008f100000, 0x000000008f100000| Untracked 
|  92|0x000000008f200000, 0x000000008f200000, 0x000000008f300000|  0%| F|  |TAMS 0x000000008f200000, 0x000000008f200000| Untracked 
|  93|0x000000008f300000, 0x000000008f300000, 0x000000008f400000|  0%| F|  |TAMS 0x000000008f300000, 0x000000008f300000| Untracked 
|  94|0x000000008f400000, 0x000000008f400000, 0x000000008f500000|  0%| F|  |TAMS 0x000000008f400000, 0x000000008f400000| Untracked 
|  95|0x000000008f500000, 0x000000008f500000, 0x000000008f600000|  0%| F|  |TAMS 0x000000008f500000, 0x000000008f500000| Untracked 
|  96|0x000000008f600000, 0x000000008f600000, 0x000000008f700000|  0%| F|  |TAMS 0x000000008f600000, 0x000000008f600000| Untracked 
|  97|0x000000008f700000, 0x000000008f700000, 0x000000008f800000|  0%| F|  |TAMS 0x000000008f700000, 0x000000008f700000| Untracked 
|  98|0x000000008f800000, 0x000000008f800000, 0x000000008f900000|  0%| F|  |TAMS 0x000000008f800000, 0x000000008f800000| Untracked 
|  99|0x000000008f900000, 0x000000008f900000, 0x000000008fa00000|  0%| F|  |TAMS 0x000000008f900000, 0x000000008f900000| Untracked 
| 100|0x000000008fa00000, 0x000000008fa00000, 0x000000008fb00000|  0%| F|  |TAMS 0x000000008fa00000, 0x000000008fa00000| Untracked 
| 101|0x000000008fb00000, 0x000000008fb00000, 0x000000008fc00000|  0%| F|  |TAMS 0x000000008fb00000, 0x000000008fb00000| Untracked 
| 102|0x000000008fc00000, 0x000000008fc00000, 0x000000008fd00000|  0%| F|  |TAMS 0x000000008fc00000, 0x000000008fc00000| Untracked 
| 103|0x000000008fd00000, 0x000000008fd00000, 0x000000008fe00000|  0%| F|  |TAMS 0x000000008fd00000, 0x000000008fd00000| Untracked 
| 104|0x000000008fe00000, 0x000000008fe00000, 0x000000008ff00000|  0%| F|  |TAMS 0x000000008fe00000, 0x000000008fe00000| Untracked 
| 105|0x000000008ff00000, 0x000000008ff00000, 0x0000000090000000|  0%| F|  |TAMS 0x000000008ff00000, 0x000000008ff00000| Untracked 
| 106|0x0000000090000000, 0x0000000090000000, 0x0000000090100000|  0%| F|  |TAMS 0x0000000090000000, 0x0000000090000000| Untracked 
| 107|0x0000000090100000, 0x0000000090100000, 0x0000000090200000|  0%| F|  |TAMS 0x0000000090100000, 0x0000000090100000| Untracked 
| 108|0x0000000090200000, 0x0000000090200000, 0x0000000090300000|  0%| F|  |TAMS 0x0000000090200000, 0x0000000090200000| Untracked 
| 109|0x0000000090300000, 0x0000000090300000, 0x0000000090400000|  0%| F|  |TAMS 0x0000000090300000, 0x0000000090300000| Untracked 
| 110|0x0000000090400000, 0x0000000090400000, 0x0000000090500000|  0%| F|  |TAMS 0x0000000090400000, 0x0000000090400000| Untracked 
| 111|0x0000000090500000, 0x0000000090500000, 0x0000000090600000|  0%| F|  |TAMS 0x0000000090500000, 0x0000000090500000| Untracked 
| 112|0x0000000090600000, 0x0000000090600000, 0x0000000090700000|  0%| F|  |TAMS 0x0000000090600000, 0x0000000090600000| Untracked 
| 113|0x0000000090700000, 0x0000000090700000, 0x0000000090800000|  0%| F|  |TAMS 0x0000000090700000, 0x0000000090700000| Untracked 
| 114|0x0000000090800000, 0x0000000090800000, 0x0000000090900000|  0%| F|  |TAMS 0x0000000090800000, 0x0000000090800000| Untracked 
| 115|0x0000000090900000, 0x0000000090900000, 0x0000000090a00000|  0%| F|  |TAMS 0x0000000090900000, 0x0000000090900000| Untracked 
| 116|0x0000000090a00000, 0x0000000090a00000, 0x0000000090b00000|  0%| F|  |TAMS 0x0000000090a00000, 0x0000000090a00000| Untracked 
| 117|0x0000000090b00000, 0x0000000090b42928, 0x0000000090c00000| 26%| E|  |TAMS 0x0000000090b00000, 0x0000000090b00000| Complete 
| 118|0x0000000090c00000, 0x0000000090d00000, 0x0000000090d00000|100%| E|CS|TAMS 0x0000000090c00000, 0x0000000090c00000| Complete 
| 119|0x0000000090d00000, 0x0000000090e00000, 0x0000000090e00000|100%| E|CS|TAMS 0x0000000090d00000, 0x0000000090d00000| Complete 

Card table byte_map: [0x0000019c39c20000,0x0000019c39fe0000] _byte_map_base: 0x0000019c397d5000

Marking Bits (Prev, Next): (CMBitMap*) 0x0000019c22d52d80, (CMBitMap*) 0x0000019c22d52dc0
 Prev Bits: [0x0000019c3a3a0000, 0x0000019c3c148000)
 Next Bits: [0x0000019c3c150000, 0x0000019c3def8000)

Polling page: 0x0000019c20c40000

Metaspace:

Usage:
  Non-class:    805.45 KB used.
      Class:     86.47 KB used.
       Both:    891.91 KB used.

Virtual space:
  Non-class space:       64.00 MB reserved,     832.00 KB (  1%) committed,  1 nodes.
      Class space:        1.00 GB reserved,     128.00 KB ( <1%) committed,  1 nodes.
             Both:        1.06 GB reserved,     960.00 KB ( <1%) committed. 

Chunk freelists:
   Non-Class:  11.76 MB
       Class:  15.69 MB
        Both:  27.45 MB

MaxMetaspaceSize: unlimited
CompressedClassSpaceSize: 1.00 GB
Initial GC threshold: 21.00 MB
Current GC threshold: 21.00 MB
CDS: on
MetaspaceReclaimPolicy: balanced
 - commit_granule_bytes: 65536.
 - commit_granule_words: 8192.
 - virtual_space_node_default_size: 8388608.
 - enlarge_chunks_in_place: 1.
 - new_chunks_are_fully_committed: 0.
 - uncommit_free_chunks: 1.
 - use_allocation_guard: 0.
 - handle_deallocations: 1.


Internal statistics:

num_allocs_failed_limit: 0.
num_arena_births: 36.
num_arena_deaths: 0.
num_vsnodes_births: 2.
num_vsnodes_deaths: 0.
num_space_committed: 15.
num_space_uncommitted: 0.
num_chunks_returned_to_freelist: 0.
num_chunks_taken_from_freelist: 61.
num_chunk_merges: 0.
num_chunk_splits: 34.
num_chunks_enlarged: 23.
num_inconsistent_stats: 0.

CodeHeap 'non-profiled nmethods': size=120000Kb used=108Kb max_used=108Kb free=119891Kb
 bounds [0x0000019c32330000, 0x0000019c325a0000, 0x0000019c39860000]
CodeHeap 'profiled nmethods': size=120000Kb used=360Kb max_used=360Kb free=119639Kb
 bounds [0x0000019c2a860000, 0x0000019c2aad0000, 0x0000019c31d90000]
CodeHeap 'non-nmethods': size=5760Kb used=1108Kb max_used=1120Kb free=4651Kb
 bounds [0x0000019c31d90000, 0x0000019c32000000, 0x0000019c32330000]
 total_blobs=698 nmethods=313 adapters=298
 compilation: enabled
              stopped_count=0, restarted_count=0
 full_count=0

Compilation events (20 events):
Event: 0.239 Thread 0x0000019c403b3dd0 nmethod 293 0x0000019c32349690 code [0x0000019c32349840, 0x0000019c32349d28]
Event: 0.239 Thread 0x0000019c403d88a0 nmethod 298 0x0000019c2a8b2d90 code [0x0000019c2a8b2f40, 0x0000019c2a8b31d8]
Event: 0.240 Thread 0x0000019c403b3dd0  294       4       java.lang.StringLatin1::compareTo (52 bytes)
Event: 0.243 Thread 0x0000019c403d88a0  302   !   3       java.lang.invoke.MemberName::getMethodType (211 bytes)
Event: 0.245 Thread 0x0000019c403d88a0 nmethod 302 0x0000019c2a8b3310 code [0x0000019c2a8b3600, 0x0000019c2a8b4b98]
Event: 0.245 Thread 0x0000019c403d88a0  303       3       java.lang.StringLatin1::replace (198 bytes)
Event: 0.246 Thread 0x0000019c403b3dd0 nmethod 294 0x0000019c3234a410 code [0x0000019c3234a5a0, 0x0000019c3234a798]
Event: 0.246 Thread 0x0000019c403b3dd0  301       4       java.io.StreamTokenizer::nextToken (1266 bytes)
Event: 0.246 Thread 0x0000019c403d88a0 nmethod 303 0x0000019c2a8b5190 code [0x0000019c2a8b5440, 0x0000019c2a8b6278]
Event: 0.246 Thread 0x0000019c403d88a0  306       3       jdk.internal.misc.Unsafe::allocateUninitializedArray0 (90 bytes)
Event: 0.247 Thread 0x0000019c403d88a0 nmethod 306 0x0000019c2a8b6790 code [0x0000019c2a8b69a0, 0x0000019c2a8b72d8]
Event: 0.247 Thread 0x0000019c403d88a0  305       1       sun.invoke.util.Wrapper::basicTypeChar (5 bytes)
Event: 0.247 Thread 0x0000019c403d88a0 nmethod 305 0x0000019c3234a890 code [0x0000019c3234aa20, 0x0000019c3234aaf8]
Event: 0.252 Thread 0x0000019c403d88a0  308       3       java.lang.invoke.LambdaForm$Name::<init> (54 bytes)
Event: 0.252 Thread 0x0000019c403d88a0 nmethod 308 0x0000019c2a8b7410 code [0x0000019c2a8b75c0, 0x0000019c2a8b7878]
Event: 0.254 Thread 0x0000019c403d88a0  310       3       java.lang.invoke.LambdaForm$NamedFunction::methodType (23 bytes)
Event: 0.254 Thread 0x0000019c403d88a0 nmethod 310 0x0000019c2a8b7910 code [0x0000019c2a8b7ac0, 0x0000019c2a8b7d08]
Event: 0.254 Thread 0x0000019c403d88a0  313       3       java.lang.Class::getClassLoader (28 bytes)
Event: 0.255 Thread 0x0000019c403d88a0 nmethod 313 0x0000019c2a8b7e10 code [0x0000019c2a8b8060, 0x0000019c2a8b8a78]
Event: 0.255 Thread 0x0000019c403d88a0  312       3       jdk.internal.org.objectweb.asm.Frame::push (109 bytes)

GC Heap History (0 events):
No events

Dll operation events (7 events):
Event: 0.015 Loaded shared library C:\Program Files\Eclipse Adoptium\jdk-17.0.16.8-hotspot\bin\java.dll
Event: 0.049 Loaded shared library C:\Program Files\Eclipse Adoptium\jdk-17.0.16.8-hotspot\bin\jsvml.dll
Event: 0.105 Loaded shared library C:\Program Files\Eclipse Adoptium\jdk-17.0.16.8-hotspot\bin\net.dll
Event: 0.109 Loaded shared library C:\Program Files\Eclipse Adoptium\jdk-17.0.16.8-hotspot\bin\nio.dll
Event: 0.114 Loaded shared library C:\Program Files\Eclipse Adoptium\jdk-17.0.16.8-hotspot\bin\zip.dll
Event: 0.121 Loaded shared library C:\Program Files\Eclipse Adoptium\jdk-17.0.16.8-hotspot\bin\jimage.dll
Event: 0.134 Loaded shared library C:\Program Files\Eclipse Adoptium\jdk-17.0.16.8-hotspot\bin\attach.dll

Deoptimization events (4 events):
Event: 0.229 Thread 0x0000019c22cfbfc0 Uncommon trap: trap_request=0xffffff45 fr.pc=0x0000019c32348918 relative=0x0000000000000278
Event: 0.234 Thread 0x0000019c22cfbfc0 Uncommon trap: reason=unstable_if action=reinterpret pc=0x0000019c32348918 method=java.io.BufferedReader.read()I @ 19 c2
Event: 0.234 Thread 0x0000019c22cfbfc0 DEOPT PACKING pc=0x0000019c32348918 sp=0x00000081e03fe5c0
Event: 0.234 Thread 0x0000019c22cfbfc0 DEOPT UNPACKING pc=0x0000019c31de69a3 sp=0x00000081e03fe508 mode 2

Classes loaded (20 events):
Event: 0.220 Loading class sun/net/www/protocol/jrt/JavaRuntimeURLConnection$1
Event: 0.220 Loading class sun/net/www/protocol/jrt/JavaRuntimeURLConnection$1 done
Event: 0.221 Loading class jdk/internal/jimage/ImageBufferCache
Event: 0.221 Loading class jdk/internal/jimage/ImageBufferCache done
Event: 0.221 Loading class jdk/internal/jimage/ImageBufferCache$1
Event: 0.221 Loading class jdk/internal/jimage/ImageBufferCache$1 done
Event: 0.221 Loading class jdk/internal/jimage/ImageBufferCache$2
Event: 0.221 Loading class jdk/internal/jimage/ImageBufferCache$2 done
Event: 0.222 Loading class java/util/AbstractMap$SimpleEntry
Event: 0.222 Loading class java/util/AbstractMap$SimpleEntry done
Event: 0.222 Loading class sun/nio/cs/StreamDecoder
Event: 0.222 Loading class sun/nio/cs/StreamDecoder done
Event: 0.223 Loading class java/io/StreamTokenizer
Event: 0.223 Loading class java/io/StreamTokenizer done
Event: 0.239 Loading class java/lang/SecurityException
Event: 0.240 Loading class java/lang/SecurityException done
Event: 0.241 Loading class java/lang/ProcessHandle
Event: 0.242 Loading class java/lang/ProcessHandle done
Event: 0.245 Loading class java/lang/ProcessHandleImpl
Event: 0.245 Loading class java/lang/ProcessHandleImpl done

Classes unloaded (0 events):
No events

Classes redefined (0 events):
No events

Internal exceptions (4 events):
Event: 0.242 Thread 0x0000019c22cfbfc0 Exception <a 'java/lang/NoSuchMethodError'{0x0000000090cee870}: 'java.lang.Object java.lang.invoke.DirectMethodHandle$Holder.invokeStaticInit(java.lang.Object)'> (0x0000000090cee870) 
thrown [s\src\hotspot\share\interpreter\linkResolver.cpp, line 759]
Event: 0.252 Thread 0x0000019c22cfbfc0 Exception <a 'java/lang/NoSuchMethodError'{0x0000000090cfb428}: 'java.lang.Object java.lang.invoke.DirectMethodHandle$Holder.invokeStaticInit(java.lang.Object, java.lang.Object, long, java.lang.Object)'> (0x0000000090cfb428) 
thrown [s\src\hotspot\share\interpreter\linkResolver.cpp, line 759]
Event: 0.253 Thread 0x0000019c22cfbfc0 Exception <a 'java/lang/NoSuchMethodError'{0x0000000090b01b58}: 'java.lang.Object java.lang.invoke.DirectMethodHandle$Holder.newInvokeSpecial(java.lang.Object, java.lang.Object, long)'> (0x0000000090b01b58) 
thrown [s\src\hotspot\share\interpreter\linkResolver.cpp, line 759]
Event: 0.254 Thread 0x0000019c22cfbfc0 Exception <a 'java/lang/NoSuchMethodError'{0x0000000090b05730}: 'java.lang.Object java.lang.invoke.Invokers$Holder.linkToTargetMethod(java.lang.Object, long, java.lang.Object)'> (0x0000000090b05730) 
thrown [s\src\hotspot\share\interpreter\linkResolver.cpp, line 759]

VM Operations (2 events):
Event: 0.115 Executing VM operation: HandshakeAllThreads
Event: 0.115 Executing VM operation: HandshakeAllThreads done

Memory protections (0 events):
No events

Nmethod flushes (0 events):
No events

Events (12 events):
Event: 0.050 Thread 0x0000019c22cfbfc0 Thread added: 0x0000019c22cfbfc0
Event: 0.053 Thread 0x0000019c22cfbfc0 Thread added: 0x0000019c40386830
Event: 0.054 Thread 0x0000019c22cfbfc0 Thread added: 0x0000019c403899c0
Event: 0.071 Thread 0x0000019c22cfbfc0 Thread added: 0x0000019c4039edd0
Event: 0.071 Thread 0x0000019c22cfbfc0 Thread added: 0x0000019c4039f790
Event: 0.071 Thread 0x0000019c22cfbfc0 Thread added: 0x0000019c403a4900
Event: 0.071 Thread 0x0000019c22cfbfc0 Thread added: 0x0000019c403a5a60
Event: 0.071 Thread 0x0000019c22cfbfc0 Thread added: 0x0000019c403b3dd0
Event: 0.072 Thread 0x0000019c22cfbfc0 Thread added: 0x0000019c403d88a0
Event: 0.072 Thread 0x0000019c22cfbfc0 Thread added: 0x0000019c403e2280
Event: 0.095 Thread 0x0000019c22cfbfc0 Thread added: 0x0000019c40607fd0
Event: 0.098 Thread 0x0000019c22cfbfc0 Thread added: 0x0000019c40606b90


Dynamic libraries:
0x00007ff70fb70000 - 0x00007ff70fb7e000 	C:\Program Files\Eclipse Adoptium\jdk-17.0.16.8-hotspot\bin\java.exe
0x00007ffd38210000 - 0x00007ffd38408000 	C:\Windows\SYSTEM32\ntdll.dll
0x00007ffd36230000 - 0x00007ffd362f2000 	C:\Windows\System32\KERNEL32.DLL
0x00007ffd35b30000 - 0x00007ffd35e26000 	C:\Windows\System32\KERNELBASE.dll
0x00007ffd35fe0000 - 0x00007ffd360e0000 	C:\Windows\System32\ucrtbase.dll
0x00007ffd0fe00000 - 0x00007ffd0fe17000 	C:\Program Files\Eclipse Adoptium\jdk-17.0.16.8-hotspot\bin\jli.dll
0x00007ffd37940000 - 0x00007ffd37ae1000 	C:\Windows\System32\USER32.dll
0x00007ffd36200000 - 0x00007ffd36222000 	C:\Windows\System32\win32u.dll
0x00007ffd36310000 - 0x00007ffd3633b000 	C:\Windows\System32\GDI32.dll
0x00007ffd360e0000 - 0x00007ffd361f9000 	C:\Windows\System32\gdi32full.dll
0x00007ffd358a0000 - 0x00007ffd3593d000 	C:\Windows\System32\msvcp_win.dll
0x00007ffd11580000 - 0x00007ffd1159e000 	C:\Program Files\Eclipse Adoptium\jdk-17.0.16.8-hotspot\bin\VCRUNTIME140.dll
0x00007ffd1eec0000 - 0x00007ffd1f15b000 	C:\Windows\WinSxS\amd64_microsoft.windows.common-controls_6595b64144ccf1df_6.0.19041.6456_none_60b8a6cb71f64256\COMCTL32.dll
0x00007ffd36c80000 - 0x00007ffd36d1e000 	C:\Windows\System32\msvcrt.dll
0x00007ffd37910000 - 0x00007ffd3793f000 	C:\Windows\System32\IMM32.DLL
0x00007ffd2dd70000 - 0x00007ffd2dd7c000 	C:\Program Files\Eclipse Adoptium\jdk-17.0.16.8-hotspot\bin\vcruntime140_1.dll
0x00007ffd0d6b0000 - 0x00007ffd0d73d000 	C:\Program Files\Eclipse Adoptium\jdk-17.0.16.8-hotspot\bin\msvcp140.dll
0x00007ffc9a1a0000 - 0x00007ffc9ae0b000 	C:\Program Files\Eclipse Adoptium\jdk-17.0.16.8-hotspot\bin\server\jvm.dll
0x00007ffd36340000 - 0x00007ffd363f1000 	C:\Windows\System32\ADVAPI32.dll
0x00007ffd36be0000 - 0x00007ffd36c7f000 	C:\Windows\System32\sechost.dll
0x00007ffd37020000 - 0x00007ffd37140000 	C:\Windows\System32\RPCRT4.dll
0x00007ffd35e30000 - 0x00007ffd35e57000 	C:\Windows\System32\bcrypt.dll
0x00007ffd36fb0000 - 0x00007ffd3701b000 	C:\Windows\System32\WS2_32.dll
0x00007ffd34da0000 - 0x00007ffd34deb000 	C:\Windows\SYSTEM32\POWRPROF.dll
0x00007ffd1f170000 - 0x00007ffd1f197000 	C:\Windows\SYSTEM32\WINMM.dll
0x00007ffd2edb0000 - 0x00007ffd2edba000 	C:\Windows\SYSTEM32\VERSION.dll
0x00007ffd34c60000 - 0x00007ffd34c72000 	C:\Windows\SYSTEM32\UMPDC.dll
0x00007ffd34070000 - 0x00007ffd34082000 	C:\Windows\SYSTEM32\kernel.appcore.dll
0x00007ffd14320000 - 0x00007ffd1432a000 	C:\Program Files\Eclipse Adoptium\jdk-17.0.16.8-hotspot\bin\jimage.dll
0x00007ffd25fb0000 - 0x00007ffd261b1000 	C:\Windows\SYSTEM32\DBGHELP.DLL
0x00007ffd25f50000 - 0x00007ffd25f84000 	C:\Windows\SYSTEM32\dbgcore.DLL
0x00007ffd35940000 - 0x00007ffd359c2000 	C:\Windows\System32\bcryptPrimitives.dll
0x00007ffd0f1d0000 - 0x00007ffd0f1f5000 	C:\Program Files\Eclipse Adoptium\jdk-17.0.16.8-hotspot\bin\java.dll
0x00007ffd0d370000 - 0x00007ffd0d447000 	C:\Program Files\Eclipse Adoptium\jdk-17.0.16.8-hotspot\bin\jsvml.dll
0x00007ffd37140000 - 0x00007ffd378b0000 	C:\Windows\System32\SHELL32.dll
0x00007ffd338b0000 - 0x00007ffd34055000 	C:\Windows\SYSTEM32\windows.storage.dll
0x00007ffd37ba0000 - 0x00007ffd37ef4000 	C:\Windows\System32\combase.dll
0x00007ffd351f0000 - 0x00007ffd3521b000 	C:\Windows\SYSTEM32\Wldp.dll
0x00007ffd38100000 - 0x00007ffd381cd000 	C:\Windows\System32\OLEAUT32.dll
0x00007ffd36400000 - 0x00007ffd364ad000 	C:\Windows\System32\SHCORE.dll
0x00007ffd36b80000 - 0x00007ffd36bdb000 	C:\Windows\System32\shlwapi.dll
0x00007ffd357d0000 - 0x00007ffd357f4000 	C:\Windows\SYSTEM32\profapi.dll
0x00007ffd0dbb0000 - 0x00007ffd0dbc9000 	C:\Program Files\Eclipse Adoptium\jdk-17.0.16.8-hotspot\bin\net.dll
0x00007ffd330e0000 - 0x00007ffd331ea000 	C:\Windows\SYSTEM32\WINHTTP.dll
0x00007ffd34fd0000 - 0x00007ffd3503a000 	C:\Windows\system32\mswsock.dll
0x00007ffd0db90000 - 0x00007ffd0dba6000 	C:\Program Files\Eclipse Adoptium\jdk-17.0.16.8-hotspot\bin\nio.dll
0x00007ffd0d820000 - 0x00007ffd0d838000 	C:\Program Files\Eclipse Adoptium\jdk-17.0.16.8-hotspot\bin\zip.dll
0x00007ffd0d770000 - 0x00007ffd0d779000 	C:\Program Files\Eclipse Adoptium\jdk-17.0.16.8-hotspot\bin\attach.dll
0x00007ffd38050000 - 0x00007ffd38058000 	C:\Windows\System32\PSAPI.DLL

dbghelp: loaded successfully - version: 4.0.5 - missing functions: none
symbol engine: initialized successfully - sym options: 0x614 - pdb path: .;C:\Program Files\Eclipse Adoptium\jdk-17.0.16.8-hotspot\bin;C:\Windows\SYSTEM32;C:\Windows\WinSxS\amd64_microsoft.windows.common-controls_6595b64144ccf1df_6.0.19041.6456_none_60b8a6cb71f64256;C:\Program Files\Eclipse Adoptium\jdk-17.0.16.8-hotspot\bin\server

VM Arguments:
jvm_args: -Dnet.bytebuddy.agent.attacher.dump= 
java_command: net.bytebuddy.agent.Attacher com.sun.tools.attach.VirtualMachine 15572 C:\Users\user\.m2\repository\net\bytebuddy\byte-buddy-agent\1.17.8\byte-buddy-agent-1.17.8.jar false 
java_class_path (initial): C:\Users\user\.m2\repository\net\bytebuddy\byte-buddy-agent\1.17.8\byte-buddy-agent-1.17.8.jar
Launcher Type: SUN_STANDARD

[Global flags]
     intx CICompilerCount                          = 3                                         {product} {ergonomic}
     uint ConcGCThreads                            = 1                                         {product} {ergonomic}
     uint G1ConcRefinementThreads                  = 4                                         {product} {ergonomic}
   size_t G1HeapRegionSize                         = 1048576                                   {product} {ergonomic}
    uintx GCDrainStackTargetSize                   = 64                                        {product} {ergonomic}
   size_t InitialHeapSize                          = 125829120                                 {product} {ergonomic}
   size_t MarkStackSize                            = 4194304                                   {product} {ergonomic}
   size_t MaxHeapSize                              = 1990197248                                {product} {ergonomic}
   size_t MaxNewSize                               = 1193279488                                {product} {ergonomic}
   size_t MinHeapDeltaBytes                        = 1048576                                   {product} {ergonomic}
   size_t MinHeapSize                              = 8388608                                   {product} {ergonomic}
    uintx NonNMethodCodeHeapSize                   = 5832780                                {pd product} {ergonomic}
    uintx NonProfiledCodeHeapSize                  = 122912730                              {pd product} {ergonomic}
    uintx ProfiledCodeHeapSize                     = 122912730                              {pd product} {ergonomic}
    uintx ReservedCodeCacheSize                    = 251658240                              {pd product} {ergonomic}
     bool SegmentedCodeCache                       = true                                      {product} {ergonomic}
   size_t SoftMaxHeapSize                          = 1990197248                             {manageable} {ergonomic}
     bool UseCompressedClassPointers               = true                           {product lp64_product} {ergonomic}
     bool UseCompressedOops                        = true                           {product lp64_product} {ergonomic}
     bool UseG1GC                                  = true                                      {product} {ergonomic}
     bool UseLargePagesIndividualAllocation        = false                                  {pd product} {ergonomic}

Logging:
Log output configuration:
 #0: stdout all=warning uptime,level,tags
 #1: stderr all=off uptime,level,tags

Environment Variables:
JAVA_HOME=C:\Program Files\Eclipse Adoptium\jdk-17.0.16.8-hotspot
PATH=D:/FA_Projects_Document/sts-4.31.0.RELEASE//plugins/org.eclipse.justj.openjdk.hotspot.jre.full.win32.x86_64_21.0.7.v20250502-0916/jre/bin/server;D:/FA_Projects_Document/sts-4.31.0.RELEASE//plugins/org.eclipse.justj.openjdk.hotspot.jre.full.win32.x86_64_21.0.7.v20250502-0916/jre/bin;C:\Program Files\Eclipse Adoptium\jdk-17.0.16.8-hotspot\bin;C:\Program Files\Eclipse Adoptium\jdk-11.0.28.6-hotspot\bin;C:\Program Files\Common Files\Oracle\Java\javapath;C:\Windows\system32;C:\Windows;C:\Windows\System32\Wbem;C:\Windows\System32\WindowsPowerShell\v1.0\;C:\Windows\System32\OpenSSH\;C:\Program Files\Git\cmd;C:\Program Files\MySQL\MySQL Server 8.0\bin;C:\Users\user\Downloads\apache-maven-3.8.8-bin\apache-maven-3.8.8\bin;C:\Program Files\MongoDB\Server\8.0\bin;C:\Program Files\nodejs\;C:\ProgramData\chocolatey\bin;C:\Program Files\Amazon\AWSCLIV2\;C:\Program Files\Docker\Docker\resources\bin;C:\Program Files\MySQL\MySQL Shell 8.0\bin\;C:\Users\user\AppData\Local\Microsoft\WindowsApps;C:\Users\user\Desktop\Microsoft VS Code\bin;C:\Program Files\JetBrains\IntelliJ IDEA 2024.1.2\bin;;C:\Users\user\AppData\Local\GitHubDesktop\bin;C:\Users\user\AppData\Roaming\npm;C:\Users\user\AppData\Local\Programs\mongosh\;D:\FA_Projects_Document\sts-4.31.0.RELEASE;
USERNAME=user
OS=Windows_NT
PROCESSOR_IDENTIFIER=Intel64 Family 6 Model 78 Stepping 3, GenuineIntel
TMP=C:\Users\user\AppData\Local\Temp
TEMP=C:\Users\user\AppData\Local\Temp



Periodic native trim disabled


---------------  S Y S T E M  ---------------

OS:
 Windows 10 , 64 bit Build 19041 (10.0.19041.5915)
OS uptime: 0 days 4:43 hours
Hyper-V role detected

CPU: total 4 (initial active 4) (2 cores per cpu, 2 threads per core) family 6 model 78 stepping 3 microcode 0xcc, cx8, cmov, fxsr, ht, mmx, 3dnowpref, sse, sse2, sse3, ssse3, sse4.1, sse4.2, popcnt, lzcnt, tsc, tscinvbit, avx, avx2, aes, erms, clmul, bmi1, bmi2, rtm, adx, fma, vzeroupper, clflush, clflushopt, hv
Processor Information for all 4 processors :
  Max Mhz: 2496, Current Mhz: 2396, Mhz Limit: 2396

Memory: 4k page, system-wide physical 7591M (306M free)
TotalPageFile size 16142M (AvailPageFile size 4M)
current process WorkingSet (physical memory assigned to process): 38M, peak: 38M
current process commit charge ("private bytes"): 195M, peak: 195M

vm_info: OpenJDK 64-Bit Server VM (17.0.16+8) for windows-amd64 JRE (17.0.16+8), built on Jul 16 2025 10:37:56 by "admin" with MS VC++ 17.7 (VS2022)

END.
